#
# A fatal error has been detected by the Java Runtime Environment:
#
#  SIGILL (0x4) at pc=0x00007ff80f0dc139, pid=7172, tid=259
#
# JRE version: Java(TM) SE Runtime Environment (14.0.2+12) (build 14.0.2+12-46)
# Java VM: Java HotSpot(TM) 64-Bit Server VM (14.0.2+12-46, mixed mode, sharing, tiered, compressed oops, g1 gc, bsd-amd64)
# Problematic frame:
# C  [AppKit+0xb139]  -[NSResponder _tryRetain]+0x5c
#
# No core dump will be written. Core dumps have been disabled. To enable core dumping, try "ulimit -c unlimited" before starting Java again
#
# If you would like to submit a bug report, please visit:
#   https://bugreport.java.com/bugreport/crash.jsp
# The crash happened outside the Java Virtual Machine in native code.
# See problematic frame for where to report the bug.
#

---------------  S U M M A R Y ------------

Command Line: -Dfile.encoding=UTF-8 -XX:+ShowCodeDetailsInExceptionMessages adder

Host: MacBookAir9,1 x86_64 1100 MHz, 4 cores, 8G, Darwin 21.1.0
Time: Mon Nov 29 15:18:29 2021 +08 elapsed time: 149 seconds (0d 0h 2m 29s)

---------------  T H R E A D  ---------------

Current thread (0x00007f871100f800):  JavaThread "main" [_thread_in_native, id=259, stack(0x00007ff7b8261000,0x00007ff7b8a61000)]

Stack: [0x00007ff7b8261000,0x00007ff7b8a61000],  sp=0x00007ff7b8a5b420,  free space=8169k
Native frames: (J=compiled Java code, A=aot compiled Java code, j=interpreted, Vv=VM code, C=native code)
C  [AppKit+0xb139]  -[NSResponder _tryRetain]+0x5c
C  [libobjc.A.dylib+0xc85e]  objc_loadWeakRetained+0x14e
C  [libobjc.A.dylib+0xc6f7]  objc_loadWeak+0xf
C  [AppKit+0x23ecf3]  -[NSControl mouseDown:]+0x351
C  [libswt-pi-cocoa-4944r26.jnilib+0x1344d]  Java_org_eclipse_swt_internal_cocoa_OS_objc_1msgSendSuper__Lorg_eclipse_swt_internal_cocoa_objc_1super_2JJ+0x8d
J 828  org.eclipse.swt.internal.cocoa.OS.objc_msgSendSuper(Lorg/eclipse/swt/internal/cocoa/objc_super;JJ)J (0 bytes) @ 0x000000011a871c7e [0x000000011a871ba0+0x00000000000000de]
J 833 c1 org.eclipse.swt.widgets.Widget.callSuper(JJJ)V (37 bytes) @ 0x0000000113469dfc [0x0000000113469c40+0x00000000000001bc]
j  org.eclipse.swt.widgets.Widget.mouseDownSuper(JJJ)V+5
j  org.eclipse.swt.widgets.Widget.mouseDown(JJJ)V+5
j  org.eclipse.swt.widgets.Control.mouseDown(JJJ)V+42
J 781 c1 org.eclipse.swt.widgets.Display.windowProc(JJJ)J (2576 bytes) @ 0x00000001134452bc [0x000000011343ed40+0x000000000000657c]
v  ~StubRoutines::call_stub
V  [libjvm.dylib+0x34b6f6]  _ZN9JavaCalls11call_helperEP9JavaValueRK12methodHandleP17JavaCallArgumentsP6Thread+0x256
V  [libjvm.dylib+0x38fdb9]  _ZL17jni_invoke_staticP7JNIEnv_P9JavaValueP8_jobject11JNICallTypeP10_jmethodIDP18JNI_ArgumentPusherP6Thread+0x11c
V  [libjvm.dylib+0x391fdc]  jni_CallStaticLongMethodV+0x177
C  [libswt-cocoa-4944r26.jnilib+0x482c]  callback+0x4bc
C  [libswt-cocoa-4944r26.jnilib+0xcb0c]  fn7_3+0x2c
C  [AppKit+0x23d127]  -[NSWindow(NSEventRouting) _handleMouseDownEvent:isDelayedEvent:]+0x1355
C  [AppKit+0x1b10a4]  -[NSWindow(NSEventRouting) _reallySendEvent:isDelayedEvent:]+0xa16
C  [AppKit+0x1b046e]  -[NSWindow(NSEventRouting) sendEvent:]+0x160
C  [libswt-pi-cocoa-4944r26.jnilib+0x1344d]  Java_org_eclipse_swt_internal_cocoa_OS_objc_1msgSendSuper__Lorg_eclipse_swt_internal_cocoa_objc_1super_2JJ+0x8d
J 828  org.eclipse.swt.internal.cocoa.OS.objc_msgSendSuper(Lorg/eclipse/swt/internal/cocoa/objc_super;JJ)J (0 bytes) @ 0x000000011a871c7e [0x000000011a871ba0+0x00000000000000de]
J 833 c1 org.eclipse.swt.widgets.Widget.callSuper(JJJ)V (37 bytes) @ 0x0000000113469dfc [0x0000000113469c40+0x00000000000001bc]
j  org.eclipse.swt.widgets.Widget.windowSendEvent(JJJ)V+5
j  org.eclipse.swt.widgets.Shell.windowSendEvent(JJJ)V+669
J 781 c1 org.eclipse.swt.widgets.Display.windowProc(JJJ)J (2576 bytes) @ 0x0000000113443b14 [0x000000011343ed40+0x0000000000004dd4]
v  ~StubRoutines::call_stub
V  [libjvm.dylib+0x34b6f6]  _ZN9JavaCalls11call_helperEP9JavaValueRK12methodHandleP17JavaCallArgumentsP6Thread+0x256
V  [libjvm.dylib+0x38fdb9]  _ZL17jni_invoke_staticP7JNIEnv_P9JavaValueP8_jobject11JNICallTypeP10_jmethodIDP18JNI_ArgumentPusherP6Thread+0x11c
V  [libjvm.dylib+0x391fdc]  jni_CallStaticLongMethodV+0x177
C  [libswt-cocoa-4944r26.jnilib+0x482c]  callback+0x4bc
C  [libswt-cocoa-4944r26.jnilib+0xcb0c]  fn7_3+0x2c
C  [AppKit+0x1ae83c]  -[NSApplication(NSEvent) sendEvent:]+0x160
C  [libswt-pi-cocoa-4944r26.jnilib+0x1344d]  Java_org_eclipse_swt_internal_cocoa_OS_objc_1msgSendSuper__Lorg_eclipse_swt_internal_cocoa_objc_1super_2JJ+0x8d
J 828  org.eclipse.swt.internal.cocoa.OS.objc_msgSendSuper(Lorg/eclipse/swt/internal/cocoa/objc_super;JJ)J (0 bytes) @ 0x000000011a871c7e [0x000000011a871ba0+0x00000000000000de]
j  org.eclipse.swt.widgets.Display.applicationSendEvent(JJJ)V+428
j  org.eclipse.swt.widgets.Display.applicationProc(JJJ)J+238
v  ~StubRoutines::call_stub
V  [libjvm.dylib+0x34b6f6]  _ZN9JavaCalls11call_helperEP9JavaValueRK12methodHandleP17JavaCallArgumentsP6Thread+0x256
V  [libjvm.dylib+0x38fdb9]  _ZL17jni_invoke_staticP7JNIEnv_P9JavaValueP8_jobject11JNICallTypeP10_jmethodIDP18JNI_ArgumentPusherP6Thread+0x11c
V  [libjvm.dylib+0x391fdc]  jni_CallStaticLongMethodV+0x177
C  [libswt-cocoa-4944r26.jnilib+0x482c]  callback+0x4bc
C  [libswt-cocoa-4944r26.jnilib+0xc98c]  fn1_3+0x2c
C  [libswt-pi-cocoa-4944r26.jnilib+0xea45]  Java_org_eclipse_swt_internal_cocoa_OS_objc_1msgSend__JJJ+0x35
J 772  org.eclipse.swt.internal.cocoa.OS.objc_msgSend(JJJ)J (0 bytes) @ 0x000000011a86ddf0 [0x000000011a86dd20+0x00000000000000d0]
J 859 c1 org.eclipse.swt.widgets.Display.readAndDispatch()Z (256 bytes) @ 0x000000011347760c [0x0000000113476b80+0x0000000000000a8c]
j  adder.open()V+26
j  adder.main([Ljava/lang/String;)V+9
v  ~StubRoutines::call_stub
V  [libjvm.dylib+0x34b6f6]  _ZN9JavaCalls11call_helperEP9JavaValueRK12methodHandleP17JavaCallArgumentsP6Thread+0x256
V  [libjvm.dylib+0x38fdb9]  _ZL17jni_invoke_staticP7JNIEnv_P9JavaValueP8_jobject11JNICallTypeP10_jmethodIDP18JNI_ArgumentPusherP6Thread+0x11c
V  [libjvm.dylib+0x39369c]  jni_CallStaticVoidMethod+0x1b3
C  [libjli.dylib+0x4a42]  JavaMain+0xab4
C  [libjli.dylib+0x6fb3]  __JVMInit_block_invoke+0x4b
C  [Foundation+0x42592]  __NSBLOCKOPERATION_IS_CALLING_OUT_TO_A_BLOCK__+0x7
C  [Foundation+0x4248a]  -[NSBlockOperation main]+0x62
C  [Foundation+0x42421]  __NSOPERATION_IS_INVOKING_MAIN__+0x11
C  [Foundation+0x4168f]  -[NSOperation start]+0x311
C  [Foundation+0x81d63]  __NSThreadPerformPerform+0xb3
C  [CoreFoundation+0x8084d]  __CFRUNLOOP_IS_CALLING_OUT_TO_A_SOURCE0_PERFORM_FUNCTION__+0x11
C  [CoreFoundation+0x807b5]  __CFRunLoopDoSource0+0xb4
C  [CoreFoundation+0x80534]  __CFRunLoopDoSources0+0xf2
C  [CoreFoundation+0x7ef6b]  __CFRunLoopRun+0x37d
C  [CoreFoundation+0x7e52d]  CFRunLoopRunSpecific+0x233
C  [libjli.dylib+0x65c1]  CreateExecutionEnvironment+0x18f
C  [libjli.dylib+0x2752]  JLI_Launch+0x54a
C  [java+0xca5]  main+0x16f
C  0x0000000112cb94fe
C  0x0000000000000000

Java frames: (J=compiled Java code, j=interpreted, Vv=VM code)
J 828  org.eclipse.swt.internal.cocoa.OS.objc_msgSendSuper(Lorg/eclipse/swt/internal/cocoa/objc_super;JJ)J (0 bytes) @ 0x000000011a871c05 [0x000000011a871ba0+0x0000000000000065]
J 833 c1 org.eclipse.swt.widgets.Widget.callSuper(JJJ)V (37 bytes) @ 0x0000000113469dfc [0x0000000113469c40+0x00000000000001bc]
j  org.eclipse.swt.widgets.Widget.mouseDownSuper(JJJ)V+5
j  org.eclipse.swt.widgets.Widget.mouseDown(JJJ)V+5
j  org.eclipse.swt.widgets.Control.mouseDown(JJJ)V+42
J 781 c1 org.eclipse.swt.widgets.Display.windowProc(JJJ)J (2576 bytes) @ 0x00000001134452bc [0x000000011343ed40+0x000000000000657c]
v  ~StubRoutines::call_stub
J 828  org.eclipse.swt.internal.cocoa.OS.objc_msgSendSuper(Lorg/eclipse/swt/internal/cocoa/objc_super;JJ)J (0 bytes) @ 0x000000011a871c05 [0x000000011a871ba0+0x0000000000000065]
J 833 c1 org.eclipse.swt.widgets.Widget.callSuper(JJJ)V (37 bytes) @ 0x0000000113469dfc [0x0000000113469c40+0x00000000000001bc]
j  org.eclipse.swt.widgets.Widget.windowSendEvent(JJJ)V+5
j  org.eclipse.swt.widgets.Shell.windowSendEvent(JJJ)V+669
J 781 c1 org.eclipse.swt.widgets.Display.windowProc(JJJ)J (2576 bytes) @ 0x0000000113443b14 [0x000000011343ed40+0x0000000000004dd4]
v  ~StubRoutines::call_stub
J 828  org.eclipse.swt.internal.cocoa.OS.objc_msgSendSuper(Lorg/eclipse/swt/internal/cocoa/objc_super;JJ)J (0 bytes) @ 0x000000011a871c05 [0x000000011a871ba0+0x0000000000000065]
j  org.eclipse.swt.widgets.Display.applicationSendEvent(JJJ)V+428
j  org.eclipse.swt.widgets.Display.applicationProc(JJJ)J+238
v  ~StubRoutines::call_stub
J 772  org.eclipse.swt.internal.cocoa.OS.objc_msgSend(JJJ)J (0 bytes) @ 0x000000011a86dd77 [0x000000011a86dd20+0x0000000000000057]
J 859 c1 org.eclipse.swt.widgets.Display.readAndDispatch()Z (256 bytes) @ 0x000000011347760c [0x0000000113476b80+0x0000000000000a8c]
j  adder.open()V+26
j  adder.main([Ljava/lang/String;)V+9
v  ~StubRoutines::call_stub

siginfo: si_signo: 4 (SIGILL), si_code: 1 (ILL_ILLOPC), si_addr: 0x00007ff80f0dc139

Register to memory mapping:

RAX=0x0 is NULL
RBX=0x000060000224a6d0 points into unknown readable memory: 40 a6 24 02 00 60 00 00
RCX=0x0 is NULL
RDX=0x0 is NULL
RSP=0x00007ff7b8a5b420 is pointing into the stack for thread: 0x00007f871100f800
RBP=0x00007ff7b8a5b430 is pointing into the stack for thread: 0x00007f871100f800
RSI=0x000000001f08000c is an unknown value
RDI=0x0 is NULL
R8 =0x0 is NULL
R9 =0x0 is NULL
R10=0x0000000000000032 is an unknown value
R11=0x0000000000000246 is an unknown value
R12=0x00007f8710f6e790 points into unknown readable memory: d7 a6 24 02 00 e0 3d 01
R13=0x00007ff84de10a40: _ZN12_GLOBAL__N_113SideTablesMapE+0 in /usr/lib/libobjc.A.dylib at 0x00007ff80c4ad000
R14=0x00007ff84de10cc0: _ZN12_GLOBAL__N_113SideTablesMapE+0x280 in /usr/lib/libobjc.A.dylib at 0x00007ff80c4ad000
R15=0x00007ff826d76410: <offset 0x1a8c9410> in /usr/lib/libobjc.A.dylib at 0x00007ff80c4ad000


Registers:
RAX=0x0000000000000000, RBX=0x000060000224a6d0, RCX=0x0000000000000000, RDX=0x0000000000000000
RSP=0x00007ff7b8a5b420, RBP=0x00007ff7b8a5b430, RSI=0x000000001f08000c, RDI=0x0000000000000000
R8 =0x0000000000000000, R9 =0x0000000000000000, R10=0x0000000000000032, R11=0x0000000000000246
R12=0x00007f8710f6e790, R13=0x00007ff84de10a40, R14=0x00007ff84de10cc0, R15=0x00007ff826d76410
RIP=0x00007ff80f0dc139, EFLAGS=0x0000000000010202, ERR=0x0000000000000000
  TRAPNO=0x0000000000000006

Top of Stack: (sp=0x00007ff7b8a5b420)
0x00007ff7b8a5b420:   00007ff80c4bc826 000060000224a6d0
0x00007ff7b8a5b430:   00007ff7b8a5b470 00007ff80c4b985e
0x00007ff7b8a5b440:   0000000000000000 0000000000000000
0x00007ff7b8a5b450:   00007f8710f6e790 00007f8711a2ba60
0x00007ff7b8a5b460:   00007ff80c4b3040 00007ff826d79b75
0x00007ff7b8a5b470:   00007ff7b8a5b480 00007ff80c4b96f7
0x00007ff7b8a5b480:   00007ff7b8a5b5b0 00007ff80f30fcf3
0x00007ff7b8a5b490:   0000000000000000 0000000000000000
0x00007ff7b8a5b4a0:   404e800000000000 4040000000000000
0x00007ff7b8a5b4b0:   36a62b2a97a800b1 00007f8711a2ba60
0x00007ff7b8a5b4c0:   0000000000000000 00007ff7b8a5b718
0x00007ff7b8a5b4d0:   00007ff7b8a5b670 00007f871100f800
0x00007ff7b8a5b4e0:   00007ff7b8a5b5b0 00007ff80c4b3bdb
0x00007ff7b8a5b4f0:   00007ff84dc69810 000000078756f8c8
0x00007ff7b8a5b500:   0000600002556640 00007ff826e0e19d
0x00007ff7b8a5b510:   00007ff826d92482 00007ff826e1e2d8
0x00007ff7b8a5b520:   00007ff826e17493 00007f8710f6e790
0x00007ff7b8a5b530:   00007ff826df28f9 00007ff826e2c97f
0x00007ff7b8a5b540:   00007ff826df27aa 00007ff826e2c8b4
0x00007ff7b8a5b550:   00007ff826e14b3b 00007ff826e0f52b
0x00007ff7b8a5b560:   0000000000000000 00007f8711a2bac8
0x00007ff7b8a5b570:   00007ff826d79b75 0000000000000000
0x00007ff7b8a5b580:   015b000000000000 00007f8711a2ba60
0x00007ff7b8a5b590:   0000000000000000 00007ff7b8a5b718
0x00007ff7b8a5b5a0:   00007ff7b8a5b670 00007f871100f800
0x00007ff7b8a5b5b0:   00007ff7b8a5b630 000000010814d44d
0x00007ff7b8a5b5c0:   0000000112d6def3 00007ff7b8a5b5f8
0x00007ff7b8a5b5d0:   00007ff7b8a5b630 000000010814871d
0x00007ff7b8a5b5e0:   00000007876309d0 0000000000000000
0x00007ff7b8a5b5f0:   00007ff7b8a5b5f8 00007f8711a2ba60
0x00007ff7b8a5b600:   00007ff84dc69810 0000600002556640
0x00007ff7b8a5b610:   00007ff826df3153 00007ff7b8a5b640 

Instructions: (pc=0x00007ff80f0dc139)
0x00007ff80f0dc039:   c3 55 48 89 e5 41 56 53 48 83 ec 10 48 89 fb 48
0x00007ff80f0dc049:   8b 3d 79 e0 e6 3e 48 8b 35 7a 4e e3 3e 4c 8b 35
0x00007ff80f0dc059:   db 51 44 3d 41 ff d6 48 8b 0d e9 61 e6 3e 48 8b
0x00007ff80f0dc069:   35 72 4e e3 3e 48 c7 04 24 04 00 00 00 4c 8d 05
0x00007ff80f0dc079:   7b 6c 4d 3d 48 89 c7 48 89 da 45 31 c9 41 ff d6
0x00007ff80f0dc089:   48 8d 05 28 a4 46 3d 48 83 c4 10 5b 41 5e 5d c3
0x00007ff80f0dc099:   55 48 89 e5 48 8b 3d a4 e2 e6 3e 48 8b 35 9d 65
0x00007ff80f0dc0a9:   e3 3e 48 8d 15 86 d4 48 3d 5d ff 25 7f 51 44 3d
0x00007ff80f0dc0b9:   90 90 90 90 90 90 90 90 90 90 90 90 55 48 89 e5
0x00007ff80f0dc0c9:   8b 47 10 c1 e8 1f 5d c3 90 90 90 90 90 90 90 90
0x00007ff80f0dc0d9:   90 90 90 90 55 48 89 e5 53 50 48 89 fe 8b 46 10
0x00007ff80f0dc0e9:   85 c0 78 34 89 c1 81 e1 ff ff ff 3f 81 f9 ff ff
0x00007ff80f0dc0f9:   ff 1f 73 30 8d 48 01 f0 0f b1 4e 10 75 df 48 8b
0x00007ff80f0dc109:   05 4a 2d 44 3d b3 01 80 38 00 74 0e bf 06 00 00
0x00007ff80f0dc119:   00 e8 c9 e1 b7 00 eb 02 31 db 0f b6 c3 48 83 c4
0x00007ff80f0dc129:   08 5b 5d c3 48 8d 3d 2c 17 c9 00 e8 d7 ef b7 00
0x00007ff80f0dc139:   0f 0b 55 48 89 e5 53 50 48 89 fb 48 8b 05 0d 2d
0x00007ff80f0dc149:   44 3d 80 38 00 0f 85 80 00 00 00 b9 00 00 00 40
0x00007ff80f0dc159:   8b 43 10 85 c0 74 13 a9 ff ff ff 3f 74 2c 8d 50
0x00007ff80f0dc169:   ff f0 0f b1 53 10 75 e8 eb 3e 31 c0 f0 0f b1 4b
0x00007ff80f0dc179:   10 75 dd e8 69 f7 b7 00 85 c0 74 33 48 89 df 48
0x00007ff80f0dc189:   83 c4 08 5b 5d e9 30 ff 07 00 8a 05 89 b3 e9 3e
0x00007ff80f0dc199:   84 c0 74 49 04 fe 84 c0 75 64 48 8d 3d 0e 7c 4a
0x00007ff80f0dc1a9:   3d 31 c0 e8 a1 e0 b7 00 48 83 c4 08 5b 5d c3 48
0x00007ff80f0dc1b9:   8b 3d 79 2d 44 3d 48 8d 15 fd fe 07 00 48 89 de
0x00007ff80f0dc1c9:   48 83 c4 08 5b 5d e9 b0 f0 b7 00 bf 07 00 00 00
0x00007ff80f0dc1d9:   48 89 de e8 07 e1 b7 00 e9 6e ff ff ff 48 8d 3d
0x00007ff80f0dc1e9:   0b 7d 4a 3d 48 8d 15 2e b3 e9 3e 48 8d 0d 20 16
0x00007ff80f0dc1f9:   6f 00 be 01 00 00 00 e8 84 91 ff ff eb 98 48 8d
0x00007ff80f0dc209:   3d 9e 16 c9 00 e8 fd ee b7 00 0f 0b 90 90 55 48
0x00007ff80f0dc219:   89 e5 5d e9 25 d1 b7 00 55 48 89 e5 53 50 48 89
0x00007ff80f0dc229:   fb e8 07 e4 b7 00 48 8b 0d b2 1f e4 3e 48 8b 15 


Stack slot to memory mapping:
stack at sp + 0 slots: 0x00007ff80c4bc826: -[NSObject retainWeakReference]+0 in /usr/lib/libobjc.A.dylib at 0x00007ff80c4ad000
stack at sp + 1 slots: 0x000060000224a6d0 points into unknown readable memory: 40 a6 24 02 00 60 00 00
stack at sp + 2 slots: 0x00007ff7b8a5b470 is pointing into the stack for thread: 0x00007f871100f800
stack at sp + 3 slots: 0x00007ff80c4b985e: objc_loadWeakRetained+0x14e in /usr/lib/libobjc.A.dylib at 0x00007ff80c4ad000
stack at sp + 4 slots: 0x0 is NULL
stack at sp + 5 slots: 0x0 is NULL
stack at sp + 6 slots: 0x00007f8710f6e790 points into unknown readable memory: d7 a6 24 02 00 e0 3d 01
stack at sp + 7 slots: 0x00007f8711a2ba60 points into unknown readable memory: 97 bf e4 01 00 e0 3d 01


---------------  P R O C E S S  ---------------

Threads class SMR info:
_java_thread_list=0x000060000104ecc0, length=10, elements={
0x00007f871100f800, 0x00007f8711049800, 0x00007f8712019800, 0x00007f8712847000,
0x00007f871284a000, 0x00007f8712050800, 0x00007f871104c800, 0x00007f87128ad800,
0x00007f871104d800, 0x00007f871103a800
}

Java Threads: ( => current thread )
=>0x00007f871100f800 JavaThread "main" [_thread_in_native, id=259, stack(0x00007ff7b8261000,0x00007ff7b8a61000)]
  0x00007f8711049800 JavaThread "Reference Handler" daemon [_thread_blocked, id=14083, stack(0x000070000af73000,0x000070000b073000)]
  0x00007f8712019800 JavaThread "Finalizer" daemon [_thread_blocked, id=17667, stack(0x000070000b076000,0x000070000b176000)]
  0x00007f8712847000 JavaThread "Signal Dispatcher" daemon [_thread_blocked, id=21763, stack(0x000070000b27f000,0x000070000b37f000)]
  0x00007f871284a000 JavaThread "Service Thread" daemon [_thread_blocked, id=42755, stack(0x000070000b382000,0x000070000b482000)]
  0x00007f8712050800 JavaThread "C2 CompilerThread0" daemon [_thread_blocked, id=42499, stack(0x000070000b485000,0x000070000b585000)]
  0x00007f871104c800 JavaThread "C1 CompilerThread0" daemon [_thread_blocked, id=22787, stack(0x000070000b588000,0x000070000b688000)]
  0x00007f87128ad800 JavaThread "Sweeper thread" daemon [_thread_blocked, id=23043, stack(0x000070000b68b000,0x000070000b78b000)]
  0x00007f871104d800 JavaThread "Notification Thread" daemon [_thread_blocked, id=23555, stack(0x000070000b78e000,0x000070000b88e000)]
  0x00007f871103a800 JavaThread "Common-Cleaner" daemon [_thread_blocked, id=40451, stack(0x000070000b994000,0x000070000ba94000)]

Other Threads:
  0x00007f8713815000 VMThread "VM Thread" [stack: 0x000070000ae70000,0x000070000af70000] [id=18691]
  0x00007f8711051000 WatcherThread [stack: 0x000070000b891000,0x000070000b991000] [id=41219]
  0x00007f8712825000 GCTaskThread "GC Thread#0" [stack: 0x000070000a961000,0x000070000aa61000] [id=20227]
  0x00007f8712249000 GCTaskThread "GC Thread#1" [stack: 0x000070000ba97000,0x000070000bb97000] [id=32523]
  0x00007f871220d000 GCTaskThread "GC Thread#2" [stack: 0x000070000bb9a000,0x000070000bc9a000] [id=43523]
  0x00007f8712836800 ConcurrentGCThread "G1 Main Marker" [stack: 0x000070000aa64000,0x000070000ab64000] [id=12547]
  0x00007f8711015000 ConcurrentGCThread "G1 Conc#0" [stack: 0x000070000ab67000,0x000070000ac67000] [id=19459]
  0x00007f871204c800 ConcurrentGCThread "G1 Refine#0" [stack: 0x000070000ac6a000,0x000070000ad6a000] [id=19203]
  0x00007f871204d000 ConcurrentGCThread "G1 Young RemSet Sampling" [stack: 0x000070000ad6d000,0x000070000ae6d000] [id=13315]

Threads with active compile tasks:

VM state:not at safepoint (normal execution)

VM Mutex/Monitor currently owned by a thread: None

Heap address: 0x0000000780000000, size: 2048 MB, Compressed Oops mode: Zero based, Oop shift amount: 3
Narrow klass base: 0x0000000800000000, Narrow klass shift: 3
Compressed class space size: 1073741824 Address: 0x0000000800b05000

Heap:
 garbage-first heap   total 133120K, used 12952K [0x0000000780000000, 0x0000000800000000)
  region size 1024K, 13 young (13312K), 2 survivors (2048K)
 Metaspace       used 5726K, capacity 7574K, committed 7936K, reserved 1056768K
  class space    used 544K, capacity 733K, committed 768K, reserved 1048576K
Heap Regions: E=young(eden), S=young(survivor), O=old, HS=humongous(starts), HC=humongous(continues), CS=collection set, F=free, OA=open archive, CA=closed archive, TAMS=top-at-mark-start (previous, next)
|   0|0x0000000780000000, 0x0000000780000000, 0x0000000780100000|  0%| F|  |TAMS 0x0000000780000000, 0x0000000780000000| Untracked 
|   1|0x0000000780100000, 0x00000007801da000, 0x0000000780200000| 85%| O|  |TAMS 0x0000000780100000, 0x0000000780100000| Untracked 
|   2|0x0000000780200000, 0x0000000780200000, 0x0000000780300000|  0%| F|  |TAMS 0x0000000780200000, 0x0000000780200000| Untracked 
|   3|0x0000000780300000, 0x0000000780300000, 0x0000000780400000|  0%| F|  |TAMS 0x0000000780300000, 0x0000000780300000| Untracked 
|   4|0x0000000780400000, 0x0000000780400000, 0x0000000780500000|  0%| F|  |TAMS 0x0000000780400000, 0x0000000780400000| Untracked 
|   5|0x0000000780500000, 0x0000000780500000, 0x0000000780600000|  0%| F|  |TAMS 0x0000000780500000, 0x0000000780500000| Untracked 
|   6|0x0000000780600000, 0x0000000780600000, 0x0000000780700000|  0%| F|  |TAMS 0x0000000780600000, 0x0000000780600000| Untracked 
|   7|0x0000000780700000, 0x0000000780700000, 0x0000000780800000|  0%| F|  |TAMS 0x0000000780700000, 0x0000000780700000| Untracked 
|   8|0x0000000780800000, 0x0000000780800000, 0x0000000780900000|  0%| F|  |TAMS 0x0000000780800000, 0x0000000780800000| Untracked 
|   9|0x0000000780900000, 0x0000000780900000, 0x0000000780a00000|  0%| F|  |TAMS 0x0000000780900000, 0x0000000780900000| Untracked 
|  10|0x0000000780a00000, 0x0000000780a00000, 0x0000000780b00000|  0%| F|  |TAMS 0x0000000780a00000, 0x0000000780a00000| Untracked 
|  11|0x0000000780b00000, 0x0000000780b00000, 0x0000000780c00000|  0%| F|  |TAMS 0x0000000780b00000, 0x0000000780b00000| Untracked 
|  12|0x0000000780c00000, 0x0000000780c00000, 0x0000000780d00000|  0%| F|  |TAMS 0x0000000780c00000, 0x0000000780c00000| Untracked 
|  13|0x0000000780d00000, 0x0000000780d00000, 0x0000000780e00000|  0%| F|  |TAMS 0x0000000780d00000, 0x0000000780d00000| Untracked 
|  14|0x0000000780e00000, 0x0000000780e00000, 0x0000000780f00000|  0%| F|  |TAMS 0x0000000780e00000, 0x0000000780e00000| Untracked 
|  15|0x0000000780f00000, 0x0000000780f00000, 0x0000000781000000|  0%| F|  |TAMS 0x0000000780f00000, 0x0000000780f00000| Untracked 
|  16|0x0000000781000000, 0x0000000781000000, 0x0000000781100000|  0%| F|  |TAMS 0x0000000781000000, 0x0000000781000000| Untracked 
|  17|0x0000000781100000, 0x0000000781100000, 0x0000000781200000|  0%| F|  |TAMS 0x0000000781100000, 0x0000000781100000| Untracked 
|  18|0x0000000781200000, 0x0000000781200000, 0x0000000781300000|  0%| F|  |TAMS 0x0000000781200000, 0x0000000781200000| Untracked 
|  19|0x0000000781300000, 0x0000000781300000, 0x0000000781400000|  0%| F|  |TAMS 0x0000000781300000, 0x0000000781300000| Untracked 
|  20|0x0000000781400000, 0x0000000781400000, 0x0000000781500000|  0%| F|  |TAMS 0x0000000781400000, 0x0000000781400000| Untracked 
|  21|0x0000000781500000, 0x0000000781500000, 0x0000000781600000|  0%| F|  |TAMS 0x0000000781500000, 0x0000000781500000| Untracked 
|  22|0x0000000781600000, 0x0000000781600000, 0x0000000781700000|  0%| F|  |TAMS 0x0000000781600000, 0x0000000781600000| Untracked 
|  23|0x0000000781700000, 0x0000000781700000, 0x0000000781800000|  0%| F|  |TAMS 0x0000000781700000, 0x0000000781700000| Untracked 
|  24|0x0000000781800000, 0x0000000781800000, 0x0000000781900000|  0%| F|  |TAMS 0x0000000781800000, 0x0000000781800000| Untracked 
|  25|0x0000000781900000, 0x0000000781900000, 0x0000000781a00000|  0%| F|  |TAMS 0x0000000781900000, 0x0000000781900000| Untracked 
|  26|0x0000000781a00000, 0x0000000781a00000, 0x0000000781b00000|  0%| F|  |TAMS 0x0000000781a00000, 0x0000000781a00000| Untracked 
|  27|0x0000000781b00000, 0x0000000781b00000, 0x0000000781c00000|  0%| F|  |TAMS 0x0000000781b00000, 0x0000000781b00000| Untracked 
|  28|0x0000000781c00000, 0x0000000781c00000, 0x0000000781d00000|  0%| F|  |TAMS 0x0000000781c00000, 0x0000000781c00000| Untracked 
|  29|0x0000000781d00000, 0x0000000781d00000, 0x0000000781e00000|  0%| F|  |TAMS 0x0000000781d00000, 0x0000000781d00000| Untracked 
|  30|0x0000000781e00000, 0x0000000781e00000, 0x0000000781f00000|  0%| F|  |TAMS 0x0000000781e00000, 0x0000000781e00000| Untracked 
|  31|0x0000000781f00000, 0x0000000781f00000, 0x0000000782000000|  0%| F|  |TAMS 0x0000000781f00000, 0x0000000781f00000| Untracked 
|  32|0x0000000782000000, 0x0000000782000000, 0x0000000782100000|  0%| F|  |TAMS 0x0000000782000000, 0x0000000782000000| Untracked 
|  33|0x0000000782100000, 0x0000000782100000, 0x0000000782200000|  0%| F|  |TAMS 0x0000000782100000, 0x0000000782100000| Untracked 
|  34|0x0000000782200000, 0x0000000782200000, 0x0000000782300000|  0%| F|  |TAMS 0x0000000782200000, 0x0000000782200000| Untracked 
|  35|0x0000000782300000, 0x0000000782300000, 0x0000000782400000|  0%| F|  |TAMS 0x0000000782300000, 0x0000000782300000| Untracked 
|  36|0x0000000782400000, 0x0000000782400000, 0x0000000782500000|  0%| F|  |TAMS 0x0000000782400000, 0x0000000782400000| Untracked 
|  37|0x0000000782500000, 0x0000000782500000, 0x0000000782600000|  0%| F|  |TAMS 0x0000000782500000, 0x0000000782500000| Untracked 
|  38|0x0000000782600000, 0x0000000782600000, 0x0000000782700000|  0%| F|  |TAMS 0x0000000782600000, 0x0000000782600000| Untracked 
|  39|0x0000000782700000, 0x0000000782700000, 0x0000000782800000|  0%| F|  |TAMS 0x0000000782700000, 0x0000000782700000| Untracked 
|  40|0x0000000782800000, 0x0000000782800000, 0x0000000782900000|  0%| F|  |TAMS 0x0000000782800000, 0x0000000782800000| Untracked 
|  41|0x0000000782900000, 0x0000000782900000, 0x0000000782a00000|  0%| F|  |TAMS 0x0000000782900000, 0x0000000782900000| Untracked 
|  42|0x0000000782a00000, 0x0000000782a00000, 0x0000000782b00000|  0%| F|  |TAMS 0x0000000782a00000, 0x0000000782a00000| Untracked 
|  43|0x0000000782b00000, 0x0000000782b00000, 0x0000000782c00000|  0%| F|  |TAMS 0x0000000782b00000, 0x0000000782b00000| Untracked 
|  44|0x0000000782c00000, 0x0000000782c00000, 0x0000000782d00000|  0%| F|  |TAMS 0x0000000782c00000, 0x0000000782c00000| Untracked 
|  45|0x0000000782d00000, 0x0000000782d00000, 0x0000000782e00000|  0%| F|  |TAMS 0x0000000782d00000, 0x0000000782d00000| Untracked 
|  46|0x0000000782e00000, 0x0000000782e00000, 0x0000000782f00000|  0%| F|  |TAMS 0x0000000782e00000, 0x0000000782e00000| Untracked 
|  47|0x0000000782f00000, 0x0000000782f00000, 0x0000000783000000|  0%| F|  |TAMS 0x0000000782f00000, 0x0000000782f00000| Untracked 
|  48|0x0000000783000000, 0x0000000783000000, 0x0000000783100000|  0%| F|  |TAMS 0x0000000783000000, 0x0000000783000000| Untracked 
|  49|0x0000000783100000, 0x0000000783100000, 0x0000000783200000|  0%| F|  |TAMS 0x0000000783100000, 0x0000000783100000| Untracked 
|  50|0x0000000783200000, 0x0000000783200000, 0x0000000783300000|  0%| F|  |TAMS 0x0000000783200000, 0x0000000783200000| Untracked 
|  51|0x0000000783300000, 0x0000000783300000, 0x0000000783400000|  0%| F|  |TAMS 0x0000000783300000, 0x0000000783300000| Untracked 
|  52|0x0000000783400000, 0x0000000783400000, 0x0000000783500000|  0%| F|  |TAMS 0x0000000783400000, 0x0000000783400000| Untracked 
|  53|0x0000000783500000, 0x0000000783500000, 0x0000000783600000|  0%| F|  |TAMS 0x0000000783500000, 0x0000000783500000| Untracked 
|  54|0x0000000783600000, 0x0000000783600000, 0x0000000783700000|  0%| F|  |TAMS 0x0000000783600000, 0x0000000783600000| Untracked 
|  55|0x0000000783700000, 0x0000000783700000, 0x0000000783800000|  0%| F|  |TAMS 0x0000000783700000, 0x0000000783700000| Untracked 
|  56|0x0000000783800000, 0x0000000783800000, 0x0000000783900000|  0%| F|  |TAMS 0x0000000783800000, 0x0000000783800000| Untracked 
|  57|0x0000000783900000, 0x0000000783900000, 0x0000000783a00000|  0%| F|  |TAMS 0x0000000783900000, 0x0000000783900000| Untracked 
|  58|0x0000000783a00000, 0x0000000783a00000, 0x0000000783b00000|  0%| F|  |TAMS 0x0000000783a00000, 0x0000000783a00000| Untracked 
|  59|0x0000000783b00000, 0x0000000783b00000, 0x0000000783c00000|  0%| F|  |TAMS 0x0000000783b00000, 0x0000000783b00000| Untracked 
|  60|0x0000000783c00000, 0x0000000783c00000, 0x0000000783d00000|  0%| F|  |TAMS 0x0000000783c00000, 0x0000000783c00000| Untracked 
|  61|0x0000000783d00000, 0x0000000783d00000, 0x0000000783e00000|  0%| F|  |TAMS 0x0000000783d00000, 0x0000000783d00000| Untracked 
|  62|0x0000000783e00000, 0x0000000783e00000, 0x0000000783f00000|  0%| F|  |TAMS 0x0000000783e00000, 0x0000000783e00000| Untracked 
|  63|0x0000000783f00000, 0x0000000783f00000, 0x0000000784000000|  0%| F|  |TAMS 0x0000000783f00000, 0x0000000783f00000| Untracked 
|  64|0x0000000784000000, 0x0000000784000000, 0x0000000784100000|  0%| F|  |TAMS 0x0000000784000000, 0x0000000784000000| Untracked 
|  65|0x0000000784100000, 0x0000000784100000, 0x0000000784200000|  0%| F|  |TAMS 0x0000000784100000, 0x0000000784100000| Untracked 
|  66|0x0000000784200000, 0x0000000784200000, 0x0000000784300000|  0%| F|  |TAMS 0x0000000784200000, 0x0000000784200000| Untracked 
|  67|0x0000000784300000, 0x0000000784300000, 0x0000000784400000|  0%| F|  |TAMS 0x0000000784300000, 0x0000000784300000| Untracked 
|  68|0x0000000784400000, 0x0000000784400000, 0x0000000784500000|  0%| F|  |TAMS 0x0000000784400000, 0x0000000784400000| Untracked 
|  69|0x0000000784500000, 0x0000000784500000, 0x0000000784600000|  0%| F|  |TAMS 0x0000000784500000, 0x0000000784500000| Untracked 
|  70|0x0000000784600000, 0x0000000784600000, 0x0000000784700000|  0%| F|  |TAMS 0x0000000784600000, 0x0000000784600000| Untracked 
|  71|0x0000000784700000, 0x0000000784700000, 0x0000000784800000|  0%| F|  |TAMS 0x0000000784700000, 0x0000000784700000| Untracked 
|  72|0x0000000784800000, 0x0000000784800000, 0x0000000784900000|  0%| F|  |TAMS 0x0000000784800000, 0x0000000784800000| Untracked 
|  73|0x0000000784900000, 0x0000000784900000, 0x0000000784a00000|  0%| F|  |TAMS 0x0000000784900000, 0x0000000784900000| Untracked 
|  74|0x0000000784a00000, 0x0000000784a00000, 0x0000000784b00000|  0%| F|  |TAMS 0x0000000784a00000, 0x0000000784a00000| Untracked 
|  75|0x0000000784b00000, 0x0000000784b00000, 0x0000000784c00000|  0%| F|  |TAMS 0x0000000784b00000, 0x0000000784b00000| Untracked 
|  76|0x0000000784c00000, 0x0000000784c00000, 0x0000000784d00000|  0%| F|  |TAMS 0x0000000784c00000, 0x0000000784c00000| Untracked 
|  77|0x0000000784d00000, 0x0000000784d00000, 0x0000000784e00000|  0%| F|  |TAMS 0x0000000784d00000, 0x0000000784d00000| Untracked 
|  78|0x0000000784e00000, 0x0000000784e00000, 0x0000000784f00000|  0%| F|  |TAMS 0x0000000784e00000, 0x0000000784e00000| Untracked 
|  79|0x0000000784f00000, 0x0000000784f00000, 0x0000000785000000|  0%| F|  |TAMS 0x0000000784f00000, 0x0000000784f00000| Untracked 
|  80|0x0000000785000000, 0x0000000785000000, 0x0000000785100000|  0%| F|  |TAMS 0x0000000785000000, 0x0000000785000000| Untracked 
|  81|0x0000000785100000, 0x0000000785100000, 0x0000000785200000|  0%| F|  |TAMS 0x0000000785100000, 0x0000000785100000| Untracked 
|  82|0x0000000785200000, 0x0000000785200000, 0x0000000785300000|  0%| F|  |TAMS 0x0000000785200000, 0x0000000785200000| Untracked 
|  83|0x0000000785300000, 0x0000000785300000, 0x0000000785400000|  0%| F|  |TAMS 0x0000000785300000, 0x0000000785300000| Untracked 
|  84|0x0000000785400000, 0x0000000785400000, 0x0000000785500000|  0%| F|  |TAMS 0x0000000785400000, 0x0000000785400000| Untracked 
|  85|0x0000000785500000, 0x0000000785500000, 0x0000000785600000|  0%| F|  |TAMS 0x0000000785500000, 0x0000000785500000| Untracked 
|  86|0x0000000785600000, 0x0000000785600000, 0x0000000785700000|  0%| F|  |TAMS 0x0000000785600000, 0x0000000785600000| Untracked 
|  87|0x0000000785700000, 0x0000000785700000, 0x0000000785800000|  0%| F|  |TAMS 0x0000000785700000, 0x0000000785700000| Untracked 
|  88|0x0000000785800000, 0x0000000785800000, 0x0000000785900000|  0%| F|  |TAMS 0x0000000785800000, 0x0000000785800000| Untracked 
|  89|0x0000000785900000, 0x0000000785900000, 0x0000000785a00000|  0%| F|  |TAMS 0x0000000785900000, 0x0000000785900000| Untracked 
|  90|0x0000000785a00000, 0x0000000785a00000, 0x0000000785b00000|  0%| F|  |TAMS 0x0000000785a00000, 0x0000000785a00000| Untracked 
|  91|0x0000000785b00000, 0x0000000785b00000, 0x0000000785c00000|  0%| F|  |TAMS 0x0000000785b00000, 0x0000000785b00000| Untracked 
|  92|0x0000000785c00000, 0x0000000785c00000, 0x0000000785d00000|  0%| F|  |TAMS 0x0000000785c00000, 0x0000000785c00000| Untracked 
|  93|0x0000000785d00000, 0x0000000785d00000, 0x0000000785e00000|  0%| F|  |TAMS 0x0000000785d00000, 0x0000000785d00000| Untracked 
|  94|0x0000000785e00000, 0x0000000785e00000, 0x0000000785f00000|  0%| F|  |TAMS 0x0000000785e00000, 0x0000000785e00000| Untracked 
|  95|0x0000000785f00000, 0x0000000785f00000, 0x0000000786000000|  0%| F|  |TAMS 0x0000000785f00000, 0x0000000785f00000| Untracked 
|  96|0x0000000786000000, 0x0000000786000000, 0x0000000786100000|  0%| F|  |TAMS 0x0000000786000000, 0x0000000786000000| Untracked 
|  97|0x0000000786100000, 0x0000000786100000, 0x0000000786200000|  0%| F|  |TAMS 0x0000000786100000, 0x0000000786100000| Untracked 
|  98|0x0000000786200000, 0x0000000786200000, 0x0000000786300000|  0%| F|  |TAMS 0x0000000786200000, 0x0000000786200000| Untracked 
|  99|0x0000000786300000, 0x0000000786300000, 0x0000000786400000|  0%| F|  |TAMS 0x0000000786300000, 0x0000000786300000| Untracked 
| 100|0x0000000786400000, 0x0000000786400000, 0x0000000786500000|  0%| F|  |TAMS 0x0000000786400000, 0x0000000786400000| Untracked 
| 101|0x0000000786500000, 0x0000000786500000, 0x0000000786600000|  0%| F|  |TAMS 0x0000000786500000, 0x0000000786500000| Untracked 
| 102|0x0000000786600000, 0x0000000786600000, 0x0000000786700000|  0%| F|  |TAMS 0x0000000786600000, 0x0000000786600000| Untracked 
| 103|0x0000000786700000, 0x0000000786700000, 0x0000000786800000|  0%| F|  |TAMS 0x0000000786700000, 0x0000000786700000| Untracked 
| 104|0x0000000786800000, 0x0000000786800000, 0x0000000786900000|  0%| F|  |TAMS 0x0000000786800000, 0x0000000786800000| Untracked 
| 105|0x0000000786900000, 0x0000000786900000, 0x0000000786a00000|  0%| F|  |TAMS 0x0000000786900000, 0x0000000786900000| Untracked 
| 106|0x0000000786a00000, 0x0000000786a00000, 0x0000000786b00000|  0%| F|  |TAMS 0x0000000786a00000, 0x0000000786a00000| Untracked 
| 107|0x0000000786b00000, 0x0000000786b00000, 0x0000000786c00000|  0%| F|  |TAMS 0x0000000786b00000, 0x0000000786b00000| Untracked 
| 108|0x0000000786c00000, 0x0000000786c00000, 0x0000000786d00000|  0%| F|  |TAMS 0x0000000786c00000, 0x0000000786c00000| Untracked 
| 109|0x0000000786d00000, 0x0000000786d00000, 0x0000000786e00000|  0%| F|  |TAMS 0x0000000786d00000, 0x0000000786d00000| Untracked 
| 110|0x0000000786e00000, 0x0000000786e00000, 0x0000000786f00000|  0%| F|  |TAMS 0x0000000786e00000, 0x0000000786e00000| Untracked 
| 111|0x0000000786f00000, 0x0000000786f00000, 0x0000000787000000|  0%| F|  |TAMS 0x0000000786f00000, 0x0000000786f00000| Untracked 
| 112|0x0000000787000000, 0x0000000787000000, 0x0000000787100000|  0%| F|  |TAMS 0x0000000787000000, 0x0000000787000000| Untracked 
| 113|0x0000000787100000, 0x0000000787200000, 0x0000000787200000|100%| S|CS|TAMS 0x0000000787100000, 0x0000000787100000| Complete 
| 114|0x0000000787200000, 0x0000000787300000, 0x0000000787300000|100%| S|CS|TAMS 0x0000000787200000, 0x0000000787200000| Complete 
| 115|0x0000000787300000, 0x0000000787300000, 0x0000000787400000|  0%| F|  |TAMS 0x0000000787300000, 0x0000000787300000| Untracked 
| 116|0x0000000787400000, 0x0000000787400000, 0x0000000787500000|  0%| F|  |TAMS 0x0000000787400000, 0x0000000787400000| Untracked 
| 117|0x0000000787500000, 0x000000078759a1c0, 0x0000000787600000| 60%| E|  |TAMS 0x0000000787500000, 0x0000000787500000| Complete 
| 118|0x0000000787600000, 0x0000000787700000, 0x0000000787700000|100%| E|CS|TAMS 0x0000000787600000, 0x0000000787600000| Complete 
| 119|0x0000000787700000, 0x0000000787800000, 0x0000000787800000|100%| E|  |TAMS 0x0000000787700000, 0x0000000787700000| Complete 
| 120|0x0000000787800000, 0x0000000787900000, 0x0000000787900000|100%| E|CS|TAMS 0x0000000787800000, 0x0000000787800000| Complete 
| 121|0x0000000787900000, 0x0000000787a00000, 0x0000000787a00000|100%| E|CS|TAMS 0x0000000787900000, 0x0000000787900000| Complete 
| 122|0x0000000787a00000, 0x0000000787b00000, 0x0000000787b00000|100%| E|CS|TAMS 0x0000000787a00000, 0x0000000787a00000| Complete 
| 123|0x0000000787b00000, 0x0000000787c00000, 0x0000000787c00000|100%| E|CS|TAMS 0x0000000787b00000, 0x0000000787b00000| Complete 
| 124|0x0000000787c00000, 0x0000000787d00000, 0x0000000787d00000|100%| E|CS|TAMS 0x0000000787c00000, 0x0000000787c00000| Complete 
| 125|0x0000000787d00000, 0x0000000787e00000, 0x0000000787e00000|100%| E|CS|TAMS 0x0000000787d00000, 0x0000000787d00000| Complete 
| 126|0x0000000787e00000, 0x0000000787f00000, 0x0000000787f00000|100%| E|CS|TAMS 0x0000000787e00000, 0x0000000787e00000| Complete 
| 127|0x0000000787f00000, 0x0000000788000000, 0x0000000788000000|100%| E|CS|TAMS 0x0000000787f00000, 0x0000000787f00000| Complete 
|1022|0x00000007bfe00000, 0x00000007bfe51000, 0x00000007bff00000| 31%|OA|  |TAMS 0x00000007bfe00000, 0x00000007bfe00000| Untracked 
|1023|0x00000007bff00000, 0x00000007bff7b000, 0x00000007c0000000| 48%|CA|  |TAMS 0x00000007bff00000, 0x00000007bff00000| Untracked 

Card table byte_map: [0x0000000107c55000,0x0000000108055000] _byte_map_base: 0x0000000104055000

Marking Bits (Prev, Next): (CMBitMap*) 0x00007f8712825c18, (CMBitMap*) 0x00007f8712825c58
 Prev Bits: [0x0000000121d64000, 0x0000000123d64000)
 Next Bits: [0x0000000123d64000, 0x0000000125d64000)

Polling page: 0x00000001075d9000

Metaspace:

Usage:
  Non-class:      6.68 MB capacity,     5.06 MB ( 76%) used,     1.61 MB ( 24%) free+waste,     5.25 KB ( <1%) overhead. 
      Class:    733.00 KB capacity,   544.38 KB ( 74%) used,   186.24 KB ( 25%) free+waste,     2.38 KB ( <1%) overhead. 
       Both:      7.40 MB capacity,     5.59 MB ( 76%) used,     1.80 MB ( 24%) free+waste,     7.62 KB ( <1%) overhead. 

Virtual space:
  Non-class space:        8.00 MB reserved,       7.00 MB ( 88%) committed 
      Class space:        1.00 GB reserved,     768.00 KB ( <1%) committed 
             Both:        1.01 GB reserved,       7.75 MB ( <1%) committed 

Chunk freelists:
   Non-Class:  103.00 KB
       Class:  15.00 KB
        Both:  118.00 KB

MaxMetaspaceSize: unlimited
CompressedClassSpaceSize: 1.00 GB

CodeHeap 'non-profiled nmethods': size=120032Kb used=294Kb max_used=294Kb free=119737Kb
 bounds [0x000000011a82c000, 0x000000011aa9c000, 0x0000000121d64000]
CodeHeap 'profiled nmethods': size=120028Kb used=1612Kb max_used=1612Kb free=118415Kb
 bounds [0x00000001132f5000, 0x0000000113565000, 0x000000011a82c000]
CodeHeap 'non-nmethods': size=5700Kb used=1210Kb max_used=1223Kb free=4489Kb
 bounds [0x0000000112d64000, 0x0000000112fd4000, 0x00000001132f5000]
 total_blobs=1362 nmethods=884 adapters=391
 compilation: enabled
              stopped_count=0, restarted_count=0
 full_count=0

Compilation events (20 events):
Event: 7.807 Thread 0x00007f871104c800  879       3       org.eclipse.swt.widgets.Display::runContexts (59 bytes)
Event: 7.808 Thread 0x00007f871104c800 nmethod 879 0x0000000113483690 code [0x0000000113483860, 0x0000000113483c60]
Event: 7.808 Thread 0x00007f871104c800  880       3       org.eclipse.swt.widgets.Display::runPopups (91 bytes)
Event: 7.809 Thread 0x00007f871104c800 nmethod 880 0x0000000113483e10 code [0x0000000113484000, 0x0000000113484690]
Event: 7.809 Thread 0x00007f871104c800  881       3       org.eclipse.swt.internal.cocoa.NSApplication::nextEventMatchingMask (62 bytes)
Event: 7.810 Thread 0x00007f871104c800 nmethod 881 0x0000000113484890 code [0x0000000113484a60, 0x0000000113484f00]
Event: 7.860 Thread 0x00007f871104c800  883       3       org.eclipse.swt.widgets.Control::getEnabled (18 bytes)
Event: 7.860 Thread 0x00007f871104c800 nmethod 883 0x0000000113485110 code [0x00000001134852a0, 0x00000001134854e0]
Event: 7.891 Thread 0x00007f871104c800  884       3       org.eclipse.swt.widgets.Display::observerProc (41 bytes)
Event: 7.892 Thread 0x00007f871104c800 nmethod 884 0x0000000113485590 code [0x00000001134857a0, 0x0000000113486040]
Event: 7.907 Thread 0x00007f8712050800  885       4       java.lang.Long::equals (30 bytes)
Event: 7.909 Thread 0x00007f8712050800 nmethod 885 0x000000011a875490 code [0x000000011a875620, 0x000000011a875738]
Event: 8.169 Thread 0x00007f871104c800  886       1       org.eclipse.swt.widgets.Control::isTrim (2 bytes)
Event: 8.169 Thread 0x00007f871104c800 nmethod 886 0x000000011a875810 code [0x000000011a8759a0, 0x000000011a875a70]
Event: 8.264 Thread 0x00007f871104c800  887       3       java.util.ArrayList::get (15 bytes)
Event: 8.265 Thread 0x00007f871104c800 nmethod 887 0x0000000113486310 code [0x0000000113486520, 0x0000000113486d20]
Event: 8.265 Thread 0x00007f871104c800  888       3       java.lang.ClassLoader::compareCerts (201 bytes)
Event: 8.268 Thread 0x00007f871104c800 nmethod 888 0x0000000113487010 code [0x0000000113487200, 0x0000000113487a90]
Event: 8.268 Thread 0x00007f871104c800  889       3       org.eclipse.swt.internal.cocoa.NSArray::containsObject (23 bytes)
Event: 8.268 Thread 0x00007f871104c800 nmethod 889 0x0000000113487d90 code [0x0000000113487f20, 0x00000001134880e0]

GC Heap History (2 events):
Event: 1.781 GC heap before
{Heap before GC invocations=0 (full 0):
 garbage-first heap   total 133120K, used 14128K [0x0000000780000000, 0x0000000800000000)
  region size 1024K, 13 young (13312K), 0 survivors (0K)
 Metaspace       used 4563K, capacity 6629K, committed 6784K, reserved 1056768K
  class space    used 432K, capacity 627K, committed 640K, reserved 1048576K
}
Event: 1.790 GC heap after
{Heap after GC invocations=1 (full 0):
 garbage-first heap   total 133120K, used 3736K [0x0000000780000000, 0x0000000800000000)
  region size 1024K, 2 young (2048K), 2 survivors (2048K)
 Metaspace       used 4563K, capacity 6629K, committed 6784K, reserved 1056768K
  class space    used 432K, capacity 627K, committed 640K, reserved 1048576K
}

Deoptimization events (20 events):
Event: 1.866 Thread 0x00007f871100f800 DEOPT PACKING pc=0x000000011332550e sp=0x00007ff7b8a5c840
Event: 1.866 Thread 0x00007f871100f800 DEOPT UNPACKING pc=0x0000000112dad33a sp=0x00007ff7b8a5bcd0 mode 0
Event: 1.866 Thread 0x00007f871100f800 DEOPT PACKING pc=0x000000011332550e sp=0x00007ff7b8a5c840
Event: 1.866 Thread 0x00007f871100f800 DEOPT UNPACKING pc=0x0000000112dad33a sp=0x00007ff7b8a5bcd0 mode 0
Event: 1.866 Thread 0x00007f871100f800 DEOPT PACKING pc=0x000000011332550e sp=0x00007ff7b8a5c840
Event: 1.866 Thread 0x00007f871100f800 DEOPT UNPACKING pc=0x0000000112dad33a sp=0x00007ff7b8a5bcd0 mode 0
Event: 1.871 Thread 0x00007f871100f800 DEOPT PACKING pc=0x00000001134003b1 sp=0x00007ff7b8a5be90
Event: 1.871 Thread 0x00007f871100f800 DEOPT UNPACKING pc=0x0000000112dad33a sp=0x00007ff7b8a5b330 mode 0
Event: 1.887 Thread 0x00007f871100f800 DEOPT PACKING pc=0x00000001133c21e8 sp=0x00007ff7b8a5c810
Event: 1.887 Thread 0x00007f871100f800 DEOPT UNPACKING pc=0x0000000112dad33a sp=0x00007ff7b8a5bc80 mode 0
Event: 1.890 Thread 0x00007f871100f800 DEOPT PACKING pc=0x000000011332550e sp=0x00007ff7b8a5a0e0
Event: 1.890 Thread 0x00007f871100f800 DEOPT UNPACKING pc=0x0000000112dad33a sp=0x00007ff7b8a59570 mode 0
Event: 1.890 Thread 0x00007f871100f800 DEOPT PACKING pc=0x000000011332550e sp=0x00007ff7b8a5a0e0
Event: 1.890 Thread 0x00007f871100f800 DEOPT UNPACKING pc=0x0000000112dad33a sp=0x00007ff7b8a59570 mode 0
Event: 1.892 Thread 0x00007f871100f800 DEOPT PACKING pc=0x00000001134003b1 sp=0x00007ff7b8a59730
Event: 1.892 Thread 0x00007f871100f800 DEOPT UNPACKING pc=0x0000000112dad33a sp=0x00007ff7b8a58bd0 mode 0
Event: 1.976 Thread 0x00007f871100f800 DEOPT PACKING pc=0x000000011341a54d sp=0x00007ff7b8a5bc20
Event: 1.976 Thread 0x00007f871100f800 DEOPT UNPACKING pc=0x0000000112dad33a sp=0x00007ff7b8a5b0c0 mode 0
Event: 6.186 Thread 0x00007f871100f800 DEOPT PACKING pc=0x00000001133c21e8 sp=0x00007ff7b8a5b760
Event: 6.186 Thread 0x00007f871100f800 DEOPT UNPACKING pc=0x0000000112dad33a sp=0x00007ff7b8a5abd0 mode 0

Classes unloaded (0 events):
No events

Classes redefined (0 events):
No events

Internal exceptions (4 events):
Event: 0.603 Thread 0x00007f871100f800 Exception <a 'java/lang/NoSuchMethodError'{0x0000000787586e20}: 'void java.lang.invoke.DirectMethodHandle$Holder.invokeStaticInit(java.lang.Object)'> (0x0000000787586e20) 
thrown [./open/src/hotspot/share/interpreter/linkResolver.cpp, line 766]
Event: 1.830 Thread 0x00007f871100f800 Exception <a 'java/lang/NoSuchMethodError'{0x0000000787d30fc0}: 'void java.lang.invoke.DirectMethodHandle$Holder.invokeStaticInit(java.lang.Object, java.lang.Object)'> (0x0000000787d30fc0) 
thrown [./open/src/hotspot/share/interpreter/linkResolver.cpp, line 766]
Event: 1.832 Thread 0x00007f871100f800 Exception <a 'java/lang/NoSuchMethodError'{0x0000000787d46a88}: 'void java.lang.invoke.DirectMethodHandle$Holder.invokeSpecial(java.lang.Object, java.lang.Object)'> (0x0000000787d46a88) 
thrown [./open/src/hotspot/share/interpreter/linkResolver.cpp, line 766]
Event: 1.895 Thread 0x00007f871100f800 Exception <a 'java/lang/NoSuchMethodError'{0x0000000787730050}: 'void java.lang.invoke.DirectMethodHandle$Holder.invokeVirtual(java.lang.Object, java.lang.Object)'> (0x0000000787730050) 
thrown [./open/src/hotspot/share/interpreter/linkResolver.cpp, line 766]

Events (20 events):
Event: 1.814 loading class java/nio/charset/CharsetDecoder done
Event: 1.814 loading class sun/util/PropertyResourceBundleCharset$PropertiesFileDecoder done
Event: 1.814 loading class sun/nio/cs/UTF_8$Decoder
Event: 1.814 loading class sun/nio/cs/UTF_8$Decoder done
Event: 1.814 loading class sun/nio/cs/StreamDecoder
Event: 1.815 loading class sun/nio/cs/StreamDecoder done
Event: 1.934 Loaded shared library /Users/sam/.swt/lib/macosx/x86_64/libswt-pi-cocoa-4944r26.jnilib
Event: 1.940 Protecting memory [0x0000000112b52000,0x0000000112b53000] with protection modes 1
Event: 1.963 Loaded shared library /Users/sam/.swt/lib/macosx/x86_64/libswt-pi-cocoa-4944r26.jnilib
Event: 1.964 Loaded shared library /Users/sam/.swt/lib/macosx/x86_64/libswt-pi-cocoa-4944r26.jnilib
Event: 1.969 Loaded shared library /Users/sam/.swt/lib/macosx/x86_64/libswt-pi-cocoa-4944r26.jnilib
Event: 1.974 Loaded shared library /Users/sam/.swt/lib/macosx/x86_64/libswt-pi-cocoa-4944r26.jnilib
Event: 1.984 loading class java/lang/StrictMath
Event: 1.984 loading class java/lang/StrictMath done
Event: 2.870 Loaded shared library /Users/sam/.swt/lib/macosx/x86_64/libswt-pi-cocoa-4944r26.jnilib
Event: 2.968 Loaded shared library /Users/sam/.swt/lib/macosx/x86_64/libswt-pi-cocoa-4944r26.jnilib
Event: 6.218 Loaded shared library /Users/sam/.swt/lib/macosx/x86_64/libswt-cocoa-4944r26.jnilib
Event: 7.794 Loaded shared library /Users/sam/.swt/lib/macosx/x86_64/libswt-pi-cocoa-4944r26.jnilib
Event: 8.265 loading class java/util/EventObject
Event: 8.265 loading class java/util/EventObject done


Dynamic libraries:
0x00000001075bb000 	/Library/Java/JavaVirtualMachines/jdk-14.0.2.jdk/Contents/Home/lib/libjli.dylib
0x00007ff817353000 	/usr/lib/libz.1.dylib
0x00007ff817433000 	/usr/lib/libSystem.B.dylib
0x00007ff81742e000 	/usr/lib/system/libcache.dylib
0x00007ff8173ea000 	/usr/lib/system/libcommonCrypto.dylib
0x00007ff817413000 	/usr/lib/system/libcompiler_rt.dylib
0x00007ff817409000 	/usr/lib/system/libcopyfile.dylib
0x00007ff80c3a7000 	/usr/lib/system/libcorecrypto.dylib
0x00007ff80c466000 	/usr/lib/system/libdispatch.dylib
0x00007ff80c625000 	/usr/lib/system/libdyld.dylib
0x00007ff817425000 	/usr/lib/system/libkeymgr.dylib
0x00007ff8173c8000 	/usr/lib/system/libmacho.dylib
0x00007ff816a5f000 	/usr/lib/system/libquarantine.dylib
0x00007ff817423000 	/usr/lib/system/libremovefile.dylib
0x00007ff81157d000 	/usr/lib/system/libsystem_asl.dylib
0x00007ff80c355000 	/usr/lib/system/libsystem_blocks.dylib
0x00007ff80c4ea000 	/usr/lib/system/libsystem_c.dylib
0x00007ff81741b000 	/usr/lib/system/libsystem_collections.dylib
0x00007ff815c46000 	/usr/lib/system/libsystem_configuration.dylib
0x00007ff814f08000 	/usr/lib/system/libsystem_containermanager.dylib
0x00007ff817107000 	/usr/lib/system/libsystem_coreservices.dylib
0x00007ff80ec4b000 	/usr/lib/system/libsystem_darwin.dylib
0x00007ff817426000 	/usr/lib/system/libsystem_dnssd.dylib
0x00007ff80c4e7000 	/usr/lib/system/libsystem_featureflags.dylib
0x00007ff80c63b000 	/usr/lib/system/libsystem_info.dylib
0x00007ff817366000 	/usr/lib/system/libsystem_m.dylib
0x00007ff80c43a000 	/usr/lib/system/libsystem_malloc.dylib
0x00007ff81151a000 	/usr/lib/system/libsystem_networkextension.dylib
0x00007ff80f073000 	/usr/lib/system/libsystem_notify.dylib
0x00007ff81d564000 	/usr/lib/system/libsystem_product_info_filter.dylib
0x00007ff815c4a000 	/usr/lib/system/libsystem_sandbox.dylib
0x00007ff817420000 	/usr/lib/system/libsystem_secinit.dylib
0x00007ff80c5e2000 	/usr/lib/system/libsystem_kernel.dylib
0x00007ff80c631000 	/usr/lib/system/libsystem_platform.dylib
0x00007ff80c619000 	/usr/lib/system/libsystem_pthread.dylib
0x00007ff812dce000 	/usr/lib/system/libsystem_symptoms.dylib
0x00007ff80c38e000 	/usr/lib/system/libsystem_trace.dylib
0x00007ff8173f6000 	/usr/lib/system/libunwind.dylib
0x00007ff80c357000 	/usr/lib/system/libxpc.dylib
0x00007ff80c5cc000 	/usr/lib/libc++abi.dylib
0x00007ff80c4ad000 	/usr/lib/libobjc.A.dylib
0x00007ff817401000 	/usr/lib/liboah.dylib
0x00007ff80c573000 	/usr/lib/libc++.1.dylib
0x00007ff823293000 	/System/Library/Frameworks/Cocoa.framework/Versions/A/Cocoa
0x00007ff80f0d1000 	/System/Library/Frameworks/AppKit.framework/Versions/C/AppKit
0x00007ff8125be000 	/System/Library/Frameworks/CoreData.framework/Versions/A/CoreData
0x00007ff80d4ec000 	/System/Library/Frameworks/Foundation.framework/Versions/C/Foundation
0x00007ff80ff5e000 	/System/Library/PrivateFrameworks/UIFoundation.framework/Versions/A/UIFoundation
0x00007ff81d26b000 	/System/Library/PrivateFrameworks/RemoteViewServices.framework/Versions/A/RemoteViewServices
0x00007ff8155df000 	/System/Library/PrivateFrameworks/XCTTargetBootstrap.framework/Versions/A/XCTTargetBootstrap
0x00007ff819242000 	/System/Library/PrivateFrameworks/InternationalSupport.framework/Versions/A/InternationalSupport
0x00007ff8192cc000 	/System/Library/PrivateFrameworks/UserActivity.framework/Versions/A/UserActivity
0x00007ff818622000 	/usr/lib/libspindump.dylib
0x00007ff8101ec000 	/System/Library/Frameworks/UniformTypeIdentifiers.framework/Versions/A/UniformTypeIdentifiers
0x00007ff813d1e000 	/usr/lib/libapp_launch_measurement.dylib
0x00007ff812f88000 	/System/Library/PrivateFrameworks/CoreAnalytics.framework/Versions/A/CoreAnalytics
0x00007ff813d21000 	/System/Library/PrivateFrameworks/CoreAutoLayout.framework/Versions/A/CoreAutoLayout
0x00007ff814f40000 	/System/Library/Frameworks/Metal.framework/Versions/A/Metal
0x00007ff815c55000 	/usr/lib/liblangid.dylib
0x00007ff8155e3000 	/System/Library/PrivateFrameworks/CoreSVG.framework/Versions/A/CoreSVG
0x00007ff8115ae000 	/System/Library/PrivateFrameworks/SkyLight.framework/Versions/A/SkyLight
0x00007ff81193f000 	/System/Library/Frameworks/CoreGraphics.framework/Versions/A/CoreGraphics
0x00007ff81d8d6000 	/System/Library/Frameworks/Accelerate.framework/Versions/A/Accelerate
0x00007ff81809d000 	/System/Library/PrivateFrameworks/IconServices.framework/Versions/A/IconServices
0x00007ff814f25000 	/System/Library/Frameworks/IOSurface.framework/Versions/A/IOSurface
0x00007ff812fb6000 	/usr/lib/libDiagnosticMessagesClient.dylib
0x00007ff820f35000 	/System/Library/Frameworks/ApplicationServices.framework/Versions/A/ApplicationServices
0x00007ff8155cb000 	/System/Library/PrivateFrameworks/DFRFoundation.framework/Versions/A/DFRFoundation
0x00007ff80e9c2000 	/usr/lib/libicucore.A.dylib
0x00007ff819f64000 	/System/Library/Frameworks/AudioToolbox.framework/Versions/A/AudioToolbox
0x00007ff81924e000 	/System/Library/PrivateFrameworks/DataDetectorsCore.framework/Versions/A/DataDetectorsCore
0x00007ff914a94000 	/System/Library/PrivateFrameworks/TextInput.framework/Versions/A/TextInput
0x00007ff811531000 	/usr/lib/libMobileGestalt.dylib
0x00007ff8152d3000 	/System/Library/Frameworks/Carbon.framework/Versions/A/Frameworks/HIToolbox.framework/Versions/A/HIToolbox
0x00007ff81374c000 	/System/Library/Frameworks/QuartzCore.framework/Versions/A/QuartzCore
0x00007ff80e663000 	/System/Library/Frameworks/Security.framework/Versions/A/Security
0x00007ff81d2a3000 	/System/Library/Frameworks/Carbon.framework/Versions/A/Frameworks/SpeechRecognition.framework/Versions/A/SpeechRecognition
0x00007ff813a7e000 	/System/Library/PrivateFrameworks/CoreUI.framework/Versions/A/CoreUI
0x00007ff80df3d000 	/System/Library/Frameworks/CoreAudio.framework/Versions/A/CoreAudio
0x00007ff8130a4000 	/System/Library/Frameworks/DiskArbitration.framework/Versions/A/DiskArbitration
0x00007ff818a09000 	/System/Library/PrivateFrameworks/MultitouchSupport.framework/Versions/A/MultitouchSupport
0x00007ff811530000 	/usr/lib/libenergytrace.dylib
0x00007ff80efbd000 	/System/Library/Frameworks/IOKit.framework/Versions/A/IOKit
0x00007ff81d68d000 	/System/Library/Frameworks/CoreServices.framework/Versions/A/CoreServices
0x00007ff813cb8000 	/System/Library/PrivateFrameworks/PerformanceAnalysis.framework/Versions/A/PerformanceAnalysis
0x00007ffa24055000 	/System/Library/Frameworks/OpenGL.framework/Versions/A/OpenGL
0x00007ff81698b000 	/System/Library/PrivateFrameworks/MobileKeyBag.framework/Versions/A/MobileKeyBag
0x00007ff81200b000 	/System/Library/Frameworks/ColorSync.framework/Versions/A/ColorSync
0x00007ff80c666000 	/System/Library/Frameworks/CoreFoundation.framework/Versions/A/CoreFoundation
0x00007ff81585c000 	/System/Library/Frameworks/CoreImage.framework/Versions/A/CoreImage
0x00007ff80dd53000 	/System/Library/Frameworks/CoreText.framework/Versions/A/CoreText
0x00007ff815612000 	/System/Library/Frameworks/ImageIO.framework/Versions/A/ImageIO
0x00007ff817439000 	/System/Library/PrivateFrameworks/SoftLinking.framework/Versions/A/SoftLinking
0x00007ff813d69000 	/usr/lib/libxml2.2.dylib
0x00007ff8176bc000 	/usr/lib/libcompression.dylib
0x00007ff819178000 	/System/Library/PrivateFrameworks/TextureIO.framework/Versions/A/TextureIO
0x00007ff817daf000 	/usr/lib/libate.dylib
0x00007ff817b8d000 	/usr/lib/liblzma.5.dylib
0x00007ff80d1fd000 	/System/Library/Frameworks/SystemConfiguration.framework/Versions/A/SystemConfiguration
0x00007ff817435000 	/usr/lib/libfakelink.dylib
0x00007ff811084000 	/System/Library/Frameworks/CFNetwork.framework/Versions/A/CFNetwork
0x00007ff817574000 	/usr/lib/libarchive.2.dylib
0x00007ff815c51000 	/System/Library/PrivateFrameworks/AppleSystemInfo.framework/Versions/A/AppleSystemInfo
0x00007ff816a85000 	/usr/lib/libbsm.0.dylib
0x00007ff8106bb000 	/usr/lib/libnetwork.dylib
0x00007ff8173ce000 	/usr/lib/system/libkxld.dylib
0x00007ff8166b4000 	/System/Library/PrivateFrameworks/IOMobileFramebuffer.framework/Versions/A/IOMobileFramebuffer
0x00007ffb21b3e000 	/usr/lib/libCoreEntitlements.dylib
0x00007ff8170e9000 	/System/Library/PrivateFrameworks/AppleFSCompression.framework/Versions/A/AppleFSCompression
0x00007ff816a6e000 	/usr/lib/libcoretls.dylib
0x00007ff817ba7000 	/usr/lib/libcoretls_cfhelpers.dylib
0x00007ff8176b7000 	/usr/lib/libpam.2.dylib
0x00007ff8129f0000 	/usr/lib/libsqlite3.dylib
0x00007ff817c16000 	/usr/lib/libxar.1.dylib
0x00007ff8170f9000 	/usr/lib/libbz2.1.0.dylib
0x00007ff81743a000 	/usr/lib/libpcap.A.dylib
0x00007ff812dc5000 	/usr/lib/libdns_services.dylib
0x00007ff817686000 	/usr/lib/libapple_nghttp2.dylib
0x00007ff817471000 	/usr/lib/libiconv.2.dylib
0x00007ff8173c7000 	/usr/lib/libcharset.1.dylib
0x00007ff813cec000 	/System/Library/Frameworks/CoreServices.framework/Versions/A/Frameworks/FSEvents.framework/Versions/A/FSEvents
0x00007ff80ec55000 	/System/Library/Frameworks/CoreServices.framework/Versions/A/Frameworks/CarbonCore.framework/Versions/A/CarbonCore
0x00007ff813009000 	/System/Library/Frameworks/CoreServices.framework/Versions/A/Frameworks/Metadata.framework/Versions/A/Metadata
0x00007ff81710c000 	/System/Library/Frameworks/CoreServices.framework/Versions/A/Frameworks/OSServices.framework/Versions/A/OSServices
0x00007ff8175fa000 	/System/Library/Frameworks/CoreServices.framework/Versions/A/Frameworks/SearchKit.framework/Versions/A/SearchKit
0x00007ff812d57000 	/System/Library/Frameworks/CoreServices.framework/Versions/A/Frameworks/AE.framework/Versions/A/AE
0x00007ff80cb69000 	/System/Library/Frameworks/CoreServices.framework/Versions/A/Frameworks/LaunchServices.framework/Versions/A/LaunchServices
0x00007ff817b3e000 	/System/Library/Frameworks/CoreServices.framework/Versions/A/Frameworks/DictionaryServices.framework/Versions/A/DictionaryServices
0x00007ff813cf9000 	/System/Library/Frameworks/CoreServices.framework/Versions/A/Frameworks/SharedFileList.framework/Versions/A/SharedFileList
0x00007ff816a62000 	/usr/lib/libCheckFix.dylib
0x00007ff811594000 	/System/Library/PrivateFrameworks/TCC.framework/Versions/A/TCC
0x00007ff815c57000 	/System/Library/PrivateFrameworks/CoreNLP.framework/Versions/A/CoreNLP
0x00007ff812fb9000 	/System/Library/PrivateFrameworks/MetadataUtilities.framework/Versions/A/MetadataUtilities
0x00007ff80d2ad000 	/usr/lib/libmecabra.dylib
0x00007ff816a95000 	/usr/lib/libmecab.dylib
0x00007ff80d278000 	/usr/lib/libCRFSuite.dylib
0x00007ff816af2000 	/usr/lib/libgermantok.dylib
0x00007ff817661000 	/usr/lib/libThaiTokenizer.dylib
0x00007ff8130ab000 	/System/Library/Frameworks/Accelerate.framework/Versions/A/Frameworks/vImage.framework/Versions/A/vImage
0x00007ff81d664000 	/System/Library/Frameworks/Accelerate.framework/Versions/A/Frameworks/vecLib.framework/Versions/A/vecLib
0x00007ff817c57000 	/System/Library/Frameworks/Accelerate.framework/Versions/A/Frameworks/vecLib.framework/Versions/A/libvMisc.dylib
0x00007ff8164d2000 	/System/Library/Frameworks/Accelerate.framework/Versions/A/Frameworks/vecLib.framework/Versions/A/libvDSP.dylib
0x00007ff80cee1000 	/System/Library/Frameworks/Accelerate.framework/Versions/A/Frameworks/vecLib.framework/Versions/A/libBLAS.dylib
0x00007ff817798000 	/System/Library/Frameworks/Accelerate.framework/Versions/A/Frameworks/vecLib.framework/Versions/A/libLAPACK.dylib
0x00007ff816af5000 	/System/Library/Frameworks/Accelerate.framework/Versions/A/Frameworks/vecLib.framework/Versions/A/libLinearAlgebra.dylib
0x00007ff81769f000 	/System/Library/Frameworks/Accelerate.framework/Versions/A/Frameworks/vecLib.framework/Versions/A/libSparseBLAS.dylib
0x00007ff817792000 	/System/Library/Frameworks/Accelerate.framework/Versions/A/Frameworks/vecLib.framework/Versions/A/libQuadrature.dylib
0x00007ff815d41000 	/System/Library/Frameworks/Accelerate.framework/Versions/A/Frameworks/vecLib.framework/Versions/A/libBNNS.dylib
0x00007ff80d18e000 	/System/Library/Frameworks/Accelerate.framework/Versions/A/Frameworks/vecLib.framework/Versions/A/libSparse.dylib
0x00007ff815d3a000 	/System/Library/PrivateFrameworks/LinguisticData.framework/Versions/A/LinguisticData
0x00007ff80d143000 	/System/Library/PrivateFrameworks/Lexicon.framework/Versions/A/Lexicon
0x00007ff817c50000 	/usr/lib/libChineseTokenizer.dylib
0x00007ff80d8a7000 	/System/Library/PrivateFrameworks/LanguageModeling.framework/Versions/A/LanguageModeling
0x00007ff817663000 	/System/Library/PrivateFrameworks/AppleSauce.framework/Versions/A/AppleSauce
0x00007ff8166a2000 	/System/Library/PrivateFrameworks/CoreEmoji.framework/Versions/A/CoreEmoji
0x00007ff817563000 	/usr/lib/libcmph.dylib
0x00007ff813cd0000 	/System/Library/Frameworks/OpenDirectory.framework/Versions/A/Frameworks/CFOpenDirectory.framework/Versions/A/CFOpenDirectory
0x00007ff813cc4000 	/System/Library/Frameworks/OpenDirectory.framework/Versions/A/OpenDirectory
0x00007ff817ba9000 	/System/Library/PrivateFrameworks/APFS.framework/Versions/A/APFS
0x00007ff8169c3000 	/System/Library/Frameworks/SecurityFoundation.framework/Versions/A/SecurityFoundation
0x00007ff817c24000 	/usr/lib/libutil.dylib
0x00007ff80ef80000 	/System/Library/PrivateFrameworks/CoreServicesStore.framework/Versions/A/CoreServicesStore
0x00007ff817c28000 	/usr/lib/libxslt.1.dylib
0x00007ff816a50000 	/System/Library/PrivateFrameworks/BackgroundTaskManagement.framework/Versions/A/BackgroundTaskManagement
0x00007ff819098000 	/System/Library/Frameworks/ImageIO.framework/Versions/A/Resources/libRadiance.dylib
0x00007ff8190a1000 	/System/Library/Frameworks/ImageIO.framework/Versions/A/Resources/libJPEG.dylib
0x00007ff818ff1000 	/System/Library/Frameworks/ImageIO.framework/Versions/A/Resources/libPng.dylib
0x00007ff819012000 	/System/Library/Frameworks/ImageIO.framework/Versions/A/Resources/libTIFF.dylib
0x00007ff819101000 	/System/Library/Frameworks/ImageIO.framework/Versions/A/Resources/libGIF.dylib
0x00007ff818922000 	/System/Library/Frameworks/ImageIO.framework/Versions/A/Resources/libJP2.dylib
0x00007ff818064000 	/usr/lib/libexpat.1.dylib
0x00007ff8188d7000 	/System/Library/PrivateFrameworks/AppleJPEG.framework/Versions/A/AppleJPEG
0x00007ff81519a000 	/System/Library/PrivateFrameworks/FontServices.framework/libFontParser.dylib
0x00007ff812d01000 	/System/Library/PrivateFrameworks/RunningBoardServices.framework/Versions/A/RunningBoardServices
0x00007ff823804000 	/System/Library/PrivateFrameworks/IOSurfaceAccelerator.framework/Versions/A/IOSurfaceAccelerator
0x00007ff818a05000 	/System/Library/PrivateFrameworks/WatchdogClient.framework/Versions/A/WatchdogClient
0x00007ff80d996000 	/System/Library/Frameworks/CoreDisplay.framework/Versions/A/CoreDisplay
0x00007ff81509a000 	/System/Library/Frameworks/CoreMedia.framework/Versions/A/CoreMedia
0x00007ff814f37000 	/System/Library/PrivateFrameworks/IOAccelerator.framework/Versions/A/IOAccelerator
0x00007ff813e4c000 	/System/Library/Frameworks/CoreVideo.framework/Versions/A/CoreVideo
0x00007ff8176b5000 	/System/Library/Frameworks/MetalPerformanceShaders.framework/Versions/A/MetalPerformanceShaders
0x00007ff818a40000 	/System/Library/Frameworks/VideoToolbox.framework/Versions/A/VideoToolbox
0x00007ff812c49000 	/System/Library/PrivateFrameworks/BaseBoard.framework/Versions/A/BaseBoard
0x00007ff8129d6000 	/System/Library/PrivateFrameworks/ProtocolBuffer.framework/Versions/A/ProtocolBuffer
0x00007ff819091000 	/System/Library/PrivateFrameworks/GPUWrangler.framework/Versions/A/GPUWrangler
0x00007ff819074000 	/System/Library/PrivateFrameworks/IOPresentment.framework/Versions/A/IOPresentment
0x00007ff81909b000 	/System/Library/PrivateFrameworks/DSExternalDisplay.framework/Versions/A/DSExternalDisplay
0x00007ffa24049000 	/System/Library/Frameworks/OpenGL.framework/Versions/A/Libraries/libCoreFSCache.dylib
0x00007ffb1013d000 	/System/Library/PrivateFrameworks/GPUCompiler.framework/Versions/31001/Libraries/libGPUCompilerUtils.dylib
0x00007ff819106000 	/System/Library/PrivateFrameworks/CMCaptureCore.framework/Versions/A/CMCaptureCore
0x00007ff818610000 	/System/Library/PrivateFrameworks/AppServerSupport.framework/Versions/A/AppServerSupport
0x00007ff81a7e1000 	/System/Library/PrivateFrameworks/perfdata.framework/Versions/A/perfdata
0x00007ff80dac2000 	/System/Library/PrivateFrameworks/AudioToolboxCore.framework/Versions/A/AudioToolboxCore
0x00007ff815077000 	/System/Library/PrivateFrameworks/caulk.framework/Versions/A/caulk
0x00007ff81a10e000 	/usr/lib/libAudioStatistics.dylib
0x00007ff911353000 	/System/Library/PrivateFrameworks/SystemPolicy.framework/Versions/A/SystemPolicy
0x00007ff81a35a000 	/usr/lib/libSMC.dylib
0x00007ff823146000 	/System/Library/Frameworks/CoreMIDI.framework/Versions/A/CoreMIDI
0x00007ff818fc1000 	/usr/lib/libAudioToolboxUtility.dylib
0x00007ff90d7db000 	/System/Library/PrivateFrameworks/OSAServicesClient.framework/Versions/A/OSAServicesClient
0x00007ff81a7ee000 	/usr/lib/libperfcheck.dylib
0x00007ff911ddf000 	/usr/lib/libmis.dylib
0x00007ffa240a5000 	/System/Library/Frameworks/OpenGL.framework/Versions/A/Libraries/libGLU.dylib
0x00007ffa24068000 	/System/Library/Frameworks/OpenGL.framework/Versions/A/Libraries/libGFXShared.dylib
0x00007ffa24276000 	/System/Library/Frameworks/OpenGL.framework/Versions/A/Libraries/libGL.dylib
0x00007ffa24071000 	/System/Library/Frameworks/OpenGL.framework/Versions/A/Libraries/libGLImage.dylib
0x00007ffa24065000 	/System/Library/Frameworks/OpenGL.framework/Versions/A/Libraries/libCVMSPluginSupport.dylib
0x00007ffa24050000 	/System/Library/Frameworks/OpenGL.framework/Versions/A/Libraries/libCoreVMClient.dylib
0x00007ff815bd5000 	/System/Library/Frameworks/MetalPerformanceShaders.framework/Versions/A/Frameworks/MPSCore.framework/Versions/A/MPSCore
0x00007ff817054000 	/System/Library/Frameworks/MetalPerformanceShaders.framework/Versions/A/Frameworks/MPSImage.framework/Versions/A/MPSImage
0x00007ff816b0b000 	/System/Library/Frameworks/MetalPerformanceShaders.framework/Versions/A/Frameworks/MPSNeuralNetwork.framework/Versions/A/MPSNeuralNetwork
0x00007ff816f80000 	/System/Library/Frameworks/MetalPerformanceShaders.framework/Versions/A/Frameworks/MPSMatrix.framework/Versions/A/MPSMatrix
0x00007ff816d3c000 	/System/Library/Frameworks/MetalPerformanceShaders.framework/Versions/A/Frameworks/MPSRayIntersector.framework/Versions/A/MPSRayIntersector
0x00007ff816fb9000 	/System/Library/Frameworks/MetalPerformanceShaders.framework/Versions/A/Frameworks/MPSNDArray.framework/Versions/A/MPSNDArray
0x00007ffa28c4e000 	/System/Library/Frameworks/MetalPerformanceShaders.framework/Versions/A/Frameworks/MPSFunctions.framework/Versions/A/MPSFunctions
0x00007ff80cdc4000 	/System/Library/PrivateFrameworks/MetalTools.framework/Versions/A/MetalTools
0x00007ff815c4f000 	/System/Library/PrivateFrameworks/AggregateDictionary.framework/Versions/A/AggregateDictionary
0x00007ff817e46000 	/usr/lib/libIOReport.dylib
0x00007ffa25685000 	/System/Library/Frameworks/OpenCL.framework/Versions/A/OpenCL
0x00007ff8181aa000 	/System/Library/PrivateFrameworks/FaceCore.framework/Versions/A/FaceCore
0x00007ff81819b000 	/System/Library/PrivateFrameworks/GraphVisualizer.framework/Versions/A/GraphVisualizer
0x00007ffb10048000 	/System/Library/PrivateFrameworks/FontServices.framework/Versions/A/FontServices
0x00007ff8185c7000 	/System/Library/PrivateFrameworks/OTSVG.framework/Versions/A/OTSVG
0x00007ff813a34000 	/System/Library/Frameworks/ApplicationServices.framework/Versions/A/Frameworks/ATS.framework/Versions/A/Resources/libFontRegistry.dylib
0x00007ff818618000 	/System/Library/PrivateFrameworks/FontServices.framework/libhvf.dylib
0x00007ffb10049000 	/System/Library/PrivateFrameworks/FontServices.framework/libXTFontStaticRegistryData.dylib
0x00007ff818014000 	/System/Library/PrivateFrameworks/AppleVA.framework/Versions/A/AppleVA
0x00007ff81a12e000 	/System/Library/Frameworks/ApplicationServices.framework/Versions/A/Frameworks/ATS.framework/Versions/A/ATS
0x00007ff812107000 	/System/Library/Frameworks/ApplicationServices.framework/Versions/A/Frameworks/HIServices.framework/Versions/A/HIServices
0x00007ff819110000 	/System/Library/Frameworks/ApplicationServices.framework/Versions/A/Frameworks/PrintCore.framework/Versions/A/PrintCore
0x00007ff81a4ad000 	/System/Library/Frameworks/ApplicationServices.framework/Versions/A/Frameworks/QD.framework/Versions/A/QD
0x00007ff81a4a5000 	/System/Library/Frameworks/ApplicationServices.framework/Versions/A/Frameworks/ColorSyncLegacy.framework/Versions/A/ColorSyncLegacy
0x00007ff81a11e000 	/System/Library/Frameworks/ApplicationServices.framework/Versions/A/Frameworks/SpeechSynthesis.framework/Versions/A/SpeechSynthesis
0x00007ff8190d1000 	/System/Library/Frameworks/ApplicationServices.framework/Versions/A/Frameworks/ATSUI.framework/Versions/A/ATSUI
0x00007ff81a43a000 	/usr/lib/libcups.2.dylib
0x00007ff81a7fd000 	/System/Library/Frameworks/Kerberos.framework/Versions/A/Kerberos
0x00007ff81a80c000 	/System/Library/Frameworks/GSS.framework/Versions/A/GSS
0x00007ff81a19a000 	/usr/lib/libresolv.9.dylib
0x00007ff818627000 	/System/Library/PrivateFrameworks/Heimdal.framework/Versions/A/Heimdal
0x00007ff8212b0000 	/System/Library/Frameworks/Kerberos.framework/Versions/A/Libraries/libHeimdalProxy.dylib
0x00007ff812dd6000 	/System/Library/Frameworks/Network.framework/Versions/A/Network
0x00007ff81807e000 	/usr/lib/libheimdal-asn1.dylib
0x00007ff81a857000 	/System/Library/PrivateFrameworks/CommonAuth.framework/Versions/A/CommonAuth
0x00007ff81a09f000 	/System/Library/PrivateFrameworks/AudioSession.framework/Versions/A/AudioSession
0x00007ff81810e000 	/System/Library/PrivateFrameworks/MediaExperience.framework/Versions/A/MediaExperience
0x00007ff819f33000 	/System/Library/PrivateFrameworks/AudioSession.framework/libSessionUtility.dylib
0x00007ff81a4b9000 	/System/Library/PrivateFrameworks/AudioResourceArbitration.framework/Versions/A/AudioResourceArbitration
0x00007ff818087000 	/System/Library/PrivateFrameworks/IconFoundation.framework/Versions/A/IconFoundation
0x00007ff81d293000 	/System/Library/PrivateFrameworks/SpeechRecognitionCore.framework/Versions/A/SpeechRecognitionCore
0x00000001082eb000 	/Library/Java/JavaVirtualMachines/jdk-14.0.2.jdk/Contents/Home/lib/server/libjvm.dylib
0x00000001075e4000 	/Library/Java/JavaVirtualMachines/jdk-14.0.2.jdk/Contents/Home/lib/libjimage.dylib
0x0000000107657000 	/Library/Java/JavaVirtualMachines/jdk-14.0.2.jdk/Contents/Home/lib/libjava.dylib
0x000000010763b000 	/Library/Java/JavaVirtualMachines/jdk-14.0.2.jdk/Contents/Home/lib/libzip.dylib
0x00000001080b1000 	/Library/Java/JavaVirtualMachines/jdk-14.0.2.jdk/Contents/Home/lib/libnio.dylib
0x00000001080dc000 	/Library/Java/JavaVirtualMachines/jdk-14.0.2.jdk/Contents/Home/lib/libnet.dylib
0x0000000108186000 	/Users/sam/.swt/lib/macosx/x86_64/libswt-cocoa-4944r26.jnilib
0x00007ff910358000 	/System/Library/Frameworks/WebKit.framework/Versions/A/WebKit
0x00007ff822ecf000 	/System/Library/Frameworks/WebKit.framework/Versions/A/Frameworks/WebKitLegacy.framework/Versions/A/WebKitLegacy
0x00007ff90d851000 	/System/Library/Frameworks/WebKit.framework/Versions/A/Frameworks/WebCore.framework/Versions/A/WebCore
0x00007ff90d835000 	/usr/lib/libAccessibility.dylib
0x00007ff817139000 	/System/Library/PrivateFrameworks/AuthKit.framework/Versions/A/AuthKit
0x00007ff910ea4000 	/System/Library/Frameworks/Carbon.framework/Versions/A/Carbon
0x00007ff821177000 	/System/Library/PrivateFrameworks/CorePrediction.framework/Versions/A/CorePrediction
0x00007ff81d5e5000 	/usr/lib/libnetworkextension.dylib
0x00007ff80f082000 	/usr/lib/libsandbox.1.dylib
0x00007ff8144f6000 	/System/Library/Frameworks/WebKit.framework/Versions/A/Frameworks/WebCore.framework/Versions/A/Frameworks/libwebrtc.dylib
0x00007ff910309000 	/System/Library/PrivateFrameworks/SafariSafeBrowsing.framework/Versions/A/SafariSafeBrowsing
0x00007ff81a235000 	/System/Library/Frameworks/SecurityInterface.framework/Versions/A/SecurityInterface
0x00007ff90d818000 	/System/Library/PrivateFrameworks/URLFormatting.framework/Versions/A/URLFormatting
0x00007ff912377000 	/System/Library/PrivateFrameworks/WebInspectorUI.framework/Versions/A/WebInspectorUI
0x00007ff824b56000 	/System/Library/Frameworks/JavaScriptCore.framework/Versions/A/JavaScriptCore
0x00007ff824b4a000 	/System/Library/Frameworks/Carbon.framework/Versions/A/Frameworks/CommonPanels.framework/Versions/A/CommonPanels
0x00007ff820cb7000 	/System/Library/Frameworks/Carbon.framework/Versions/A/Frameworks/Help.framework/Versions/A/Help
0x00007ff824b4e000 	/System/Library/Frameworks/Carbon.framework/Versions/A/Frameworks/ImageCapture.framework/Versions/A/ImageCapture
0x00007ff824b1e000 	/System/Library/Frameworks/Carbon.framework/Versions/A/Frameworks/OpenScripting.framework/Versions/A/OpenScripting
0x00007ff824b46000 	/System/Library/Frameworks/Carbon.framework/Versions/A/Frameworks/Ink.framework/Versions/A/Ink
0x00007ff910ea0000 	/System/Library/Frameworks/Carbon.framework/Versions/A/Frameworks/Print.framework/Versions/A/Print
0x00007ff824b42000 	/System/Library/Frameworks/Carbon.framework/Versions/A/Frameworks/SecurityHI.framework/Versions/A/SecurityHI
0x00007ffa2a727000 	/System/Library/Frameworks/WebKit.framework/Versions/A/Frameworks/WebCore.framework/Versions/A/Frameworks/libANGLE-shared.dylib
0x00007ff821335000 	/System/Library/Frameworks/AudioUnit.framework/Versions/A/AudioUnit
0x00007ff81adca000 	/System/Library/Frameworks/NetworkExtension.framework/Versions/A/NetworkExtension
0x00007ff91568d000 	/System/Library/PrivateFrameworks/CaptiveNetwork.framework/Versions/A/CaptiveNetwork
0x00007ff820c0e000 	/System/Library/PrivateFrameworks/EAP8021X.framework/Versions/A/EAP8021X
0x00007ff90d820000 	/System/Library/PrivateFrameworks/AXCoreUtilities.framework/Versions/A/AXCoreUtilities
0x00007ff81d91e000 	/System/Library/Frameworks/MediaAccessibility.framework/Versions/A/MediaAccessibility
0x00007ff81a8e6000 	/System/Library/PrivateFrameworks/CorePhoneNumbers.framework/Versions/A/CorePhoneNumbers
0x00007ff81e585000 	/System/Library/PrivateFrameworks/DiskManagement.framework/Versions/A/DiskManagement
0x00007ff81e499000 	/System/Library/PrivateFrameworks/AppleIDAuthSupport.framework/Versions/A/AppleIDAuthSupport
0x00007ffa2abb4000 	/System/Library/PrivateFrameworks/AAAFoundation.framework/Versions/A/AAAFoundation
0x00007ff81a8c7000 	/System/Library/PrivateFrameworks/KeychainCircle.framework/Versions/A/KeychainCircle
0x00007ff812bb5000 	/System/Library/Frameworks/Accounts.framework/Versions/A/Accounts
0x00007ff81e551000 	/System/Library/PrivateFrameworks/MediaKit.framework/Versions/A/MediaKit
0x00007ff81e4a5000 	/System/Library/Frameworks/DiscRecording.framework/Versions/A/DiscRecording
0x00007ff817f8c000 	/usr/lib/libCoreStorage.dylib
0x00007ff820cbf000 	/usr/lib/libcsfde.dylib
0x00007ff81b5ae000 	/System/Library/PrivateFrameworks/ProtectedCloudStorage.framework/Versions/A/ProtectedCloudStorage
0x00007ff820cbb000 	/System/Library/PrivateFrameworks/EFILogin.framework/Versions/A/EFILogin
0x00007ff81ec02000 	/System/Library/PrivateFrameworks/OctagonTrust.framework/Versions/A/OctagonTrust
0x00007ff813eca000 	/System/Library/PrivateFrameworks/UserManagement.framework/Versions/A/UserManagement
0x00007ff9119ea000 	/System/Library/PrivateFrameworks/CoreOptimization.framework/Versions/A/CoreOptimization
0x00007ff817f84000 	/usr/lib/libMatch.1.dylib
0x00007ff81220c000 	/System/Library/PrivateFrameworks/WirelessDiagnostics.framework/Versions/A/WirelessDiagnostics
0x00007ff824713000 	/System/Library/PrivateFrameworks/WirelessDiagnostics.framework/Versions/A/Libraries/libAWDSupportFramework.dylib
0x00007ff812163000 	/System/Library/PrivateFrameworks/WirelessDiagnostics.framework/Versions/A/Libraries/libAWDSupport.dylib
0x00007ff8121fb000 	/System/Library/PrivateFrameworks/WirelessDiagnostics.framework/Versions/A/Libraries/libprotobuf-lite.dylib
0x00007ff81a8ef000 	/usr/lib/libTelephonyUtilDynamic.dylib
0x00007ff8121a0000 	/System/Library/PrivateFrameworks/WirelessDiagnostics.framework/Versions/A/Libraries/libprotobuf.dylib
0x000000010813a000 	/Users/sam/.swt/lib/macosx/x86_64/libswt-pi-cocoa-4944r26.jnilib
0x00007ff80ef41000 	/System/Library/PrivateFrameworks/CoreServicesInternal.framework/Versions/A/CoreServicesInternal
0x00007ff81ea64000 	/System/Library/Frameworks/FileProvider.framework/Versions/A/FileProvider
0x00007ff81ebdc000 	/System/Library/PrivateFrameworks/GenerationalStorage.framework/Versions/A/GenerationalStorage
0x00007ff81f6e9000 	/System/Library/PrivateFrameworks/CoreSymbolication.framework/Versions/A/CoreSymbolication
0x00007ff81e468000 	/System/Library/PrivateFrameworks/SymptomDiagnosticReporter.framework/Versions/A/SymptomDiagnosticReporter
0x00007ff810200000 	/System/Library/PrivateFrameworks/DesktopServicesPriv.framework/Versions/A/DesktopServicesPriv
0x00007ff81f6ae000 	/System/Library/PrivateFrameworks/DebugSymbols.framework/Versions/A/DebugSymbols
0x00007ff81a49a000 	/System/Library/PrivateFrameworks/NetAuth.framework/Versions/A/NetAuth
0x00007ff81b386000 	/System/Library/PrivateFrameworks/Sharing.framework/Versions/A/Sharing
0x00007ff813e9d000 	/System/Library/PrivateFrameworks/login.framework/Versions/A/Frameworks/loginsupport.framework/Versions/A/loginsupport
0x00007ff8207e6000 	/System/Library/PrivateFrameworks/Apple80211.framework/Versions/A/Apple80211
0x00007ff816798000 	/System/Library/PrivateFrameworks/CoreUtils.framework/Versions/A/CoreUtils
0x00007ff8166bf000 	/System/Library/Frameworks/CoreWLAN.framework/Versions/A/CoreWLAN
0x00007ff81b4e1000 	/System/Library/Frameworks/IOBluetooth.framework/Versions/A/IOBluetooth
0x00007ff82084e000 	/System/Library/PrivateFrameworks/CoreWiFi.framework/Versions/A/CoreWiFi
0x00007ff81f283000 	/System/Library/PrivateFrameworks/FrontBoardServices.framework/Versions/A/FrontBoardServices
0x00007ff81f315000 	/System/Library/PrivateFrameworks/BoardServices.framework/Versions/A/BoardServices
0x00007ff8169b2000 	/System/Library/PrivateFrameworks/AssertionServices.framework/Versions/A/AssertionServices
0x00007ff8209d2000 	/System/Library/PrivateFrameworks/BackBoardServices.framework/Versions/A/BackBoardServices
0x00007ffb0f382000 	/System/Library/PrivateFrameworks/CoreUtilsExtras.framework/Versions/A/CoreUtilsExtras
0x00007ff81e3d8000 	/System/Library/Frameworks/CoreBluetooth.framework/Versions/A/CoreBluetooth
0x00007ff9161b2000 	/System/Library/Frameworks/Accelerate.framework/Versions/A/Frameworks/vImage.framework/Versions/A/Libraries/libCGInterfaces.dylib
0x0000000112b6e000 	/usr/lib/libobjc-trampolines.dylib
0x00007ff9114b1000 	/System/Library/PrivateFrameworks/AccessibilitySharedSupport.framework/Versions/A/AccessibilitySharedSupport
0x00007ff813ea0000 	/System/Library/PrivateFrameworks/ApplePushService.framework/Versions/A/ApplePushService
0x00007ff813ef0000 	/System/Library/Frameworks/CloudKit.framework/Versions/A/CloudKit
0x00007ff81b059000 	/System/Library/PrivateFrameworks/IDS.framework/Versions/A/IDS
0x00007ff812c31000 	/System/Library/PrivateFrameworks/CommonUtilities.framework/Versions/A/CommonUtilities
0x00007ff81d94e000 	/System/Library/PrivateFrameworks/CoreDaemon.framework/Versions/B/CoreDaemon
0x00007ff818893000 	/System/Library/PrivateFrameworks/Bom.framework/Versions/A/Bom
0x00007ff81d949000 	/System/Library/PrivateFrameworks/AppleSRP.framework/Versions/A/AppleSRP
0x00007ff816a5a000 	/System/Library/Frameworks/ServiceManagement.framework/Versions/A/ServiceManagement
0x00007ff817e4e000 	/System/Library/PrivateFrameworks/CrashReporterSupport.framework/Versions/A/CrashReporterSupport
0x00007ff8213e2000 	/System/Library/PrivateFrameworks/C2.framework/Versions/A/C2
0x00007ff814e66000 	/System/Library/Frameworks/CoreLocation.framework/Versions/A/CoreLocation
0x00007ff8213da000 	/System/Library/Frameworks/PushKit.framework/Versions/A/PushKit
0x00007ff91da77000 	/System/Library/PrivateFrameworks/OSAnalytics.framework/Versions/A/OSAnalytics
0x00007ff928b2d000 	/System/Library/PrivateFrameworks/Symbolication.framework/Versions/A/Symbolication
0x00007ff911dbc000 	/System/Library/PrivateFrameworks/MallocStackLogging.framework/Versions/A/MallocStackLogging
0x00007ff81f79f000 	/System/Library/PrivateFrameworks/CoreTime.framework/Versions/A/CoreTime
0x00007ff822ec3000 	/System/Library/PrivateFrameworks/RTCReporting.framework/Versions/A/RTCReporting
0x00007ff81b873000 	/System/Library/PrivateFrameworks/GeoServices.framework/Versions/A/GeoServices
0x00007ff819f0a000 	/System/Library/PrivateFrameworks/LocationSupport.framework/Versions/A/LocationSupport
0x00007ffb10832000 	/System/Library/PrivateFrameworks/GeoServicesCore.framework/Versions/A/GeoServicesCore
0x00007ff90d817000 	/System/Library/PrivateFrameworks/PhoneNumbers.framework/Versions/A/PhoneNumbers
0x00007ff820c44000 	/System/Library/PrivateFrameworks/RemoteServiceDiscovery.framework/Versions/A/RemoteServiceDiscovery
0x00007ff819e97000 	/System/Library/PrivateFrameworks/IMFoundation.framework/Versions/A/IMFoundation
0x00007ff90d01e000 	/System/Library/PrivateFrameworks/Marco.framework/Versions/A/Marco
0x00007ff81b1cc000 	/System/Library/PrivateFrameworks/IDSFoundation.framework/Versions/A/IDSFoundation
0x00007ff9119ff000 	/System/Library/PrivateFrameworks/FTServices.framework/Versions/A/FTServices
0x00007ff824b08000 	/System/Library/PrivateFrameworks/Engram.framework/Versions/A/Engram
0x00007ff824aaf000 	/usr/lib/libtidy.A.dylib
0x00007ff91b991000 	/System/Library/PrivateFrameworks/FTAWD.framework/Versions/A/FTAWD
0x00007ff8186e1000 	/System/Library/PrivateFrameworks/login.framework/Versions/A/login
0x00007ff813bc4000 	/System/Library/PrivateFrameworks/ViewBridge.framework/Versions/A/ViewBridge
0x00007ffb21c4c000 	/usr/lib/libRosetta.dylib
0x00007ffa2b26a000 	/System/Library/PrivateFrameworks/AccessibilityBundles.framework/Versions/A/AccessibilityBundles
0x00007ff81d95a000 	/System/Library/PrivateFrameworks/SystemAdministration.framework/Versions/A/SystemAdministration
0x00007ff819338000 	/System/Library/Frameworks/MediaToolbox.framework/Versions/A/MediaToolbox
0x00007ff81d25f000 	/System/Library/Frameworks/DirectoryService.framework/Versions/A/DirectoryService
0x00007ff820b5e000 	/System/Library/PrivateFrameworks/DiskImages.framework/Versions/A/DiskImages
0x00007ff820d37000 	/System/Library/PrivateFrameworks/LoginUIKit.framework/Versions/A/Frameworks/LoginUICore.framework/Versions/A/LoginUICore
0x00007ff81888f000 	/usr/lib/libodfde.dylib
0x00007ff81ea34000 	/System/Library/PrivateFrameworks/CoreAVCHD.framework/Versions/A/CoreAVCHD
0x00007ff81ea30000 	/System/Library/PrivateFrameworks/Mangrove.framework/Versions/A/Mangrove
0x00007ff81d929000 	/System/Library/PrivateFrameworks/AlgosScoreFramework.framework/Versions/A/AlgosScoreFramework
0x00007ffb0c7ea000 	/System/Library/PrivateFrameworks/CMPhoto.framework/Versions/A/CMPhoto
0x00007ff81f584000 	/System/Library/PrivateFrameworks/AppleVPA.framework/Versions/A/AppleVPA
0x00007ff81e675000 	/System/Library/PrivateFrameworks/CoreAUC.framework/Versions/A/CoreAUC
0x00007ff820ccb000 	/usr/lib/libcurl.4.dylib
0x00007ff820a2a000 	/usr/lib/libcrypto.44.dylib
0x00007ff820b31000 	/usr/lib/libssl.46.dylib
0x00007ff8209f0000 	/System/Library/Frameworks/LDAP.framework/Versions/A/LDAP
0x00007ff820a28000 	/System/Library/PrivateFrameworks/TrustEvaluationAgent.framework/Versions/A/TrustEvaluationAgent
0x00007ff81a1b3000 	/usr/lib/libsasl2.2.dylib
0x00007ffa157ed000 	/System/Library/PrivateFrameworks/VoiceShortcutClient.framework/Versions/A/VoiceShortcutClient
0x00007ff820d3f000 	/System/Library/PrivateFrameworks/AppSupport.framework/Versions/A/AppSupport
0x00007ff8213cb000 	/System/Library/PrivateFrameworks/IntentsFoundation.framework/Versions/A/IntentsFoundation
0x00007ff8172c9000 	/System/Library/Frameworks/CoreSpotlight.framework/Versions/A/CoreSpotlight
0x00007ff820164000 	/System/Library/PrivateFrameworks/CoreDuetContext.framework/Versions/A/CoreDuetContext
0x00007ff8103b8000 	/System/Library/PrivateFrameworks/CoreDuet.framework/Versions/A/CoreDuet
0x00007ff8201bb000 	/System/Library/Frameworks/Intents.framework/Versions/A/Intents
0x00007ff817f4d000 	/System/Library/PrivateFrameworks/PlugInKit.framework/Versions/A/PlugInKit
0x00007ff81e473000 	/System/Library/PrivateFrameworks/PowerLog.framework/Versions/A/PowerLog
0x00007ff81ef82000 	/System/Library/Frameworks/CoreTelephony.framework/Versions/A/CoreTelephony
0x00007ff822134000 	/System/Library/PrivateFrameworks/CoreDuetDebugLogging.framework/Versions/A/CoreDuetDebugLogging
0x00007ff822137000 	/System/Library/PrivateFrameworks/CoreDuetDaemonProtocol.framework/Versions/A/CoreDuetDaemonProtocol
0x00007ff81f7a9000 	/System/Library/PrivateFrameworks/Rapport.framework/Versions/A/Rapport
0x00007ff9188e6000 	/System/Library/CoreServices/RawCamera.bundle/Contents/MacOS/RawCamera
0x00007ff81a867000 	/System/Library/PrivateFrameworks/MobileAsset.framework/Versions/A/MobileAsset
0x00007ff82135c000 	/System/Library/PrivateFrameworks/StreamingZip.framework/Versions/A/StreamingZip


VM Arguments:
jvm_args: -Dfile.encoding=UTF-8 -XX:+ShowCodeDetailsInExceptionMessages 
java_command: adder
java_class_path (initial): /Users/sam/Documents/GitHub/java-projects-cs-ib/add-and-subtract:/Users/sam/.p2/pool/plugins/org.eclipse.osgi_3.16.300.v20210525-1715.jar:/Users/sam/.p2/pool/plugins/org.eclipse.core.commands_3.10.0.v20210401-0744.jar:/Users/sam/.p2/pool/plugins/org.eclipse.equinox.common_3.15.0.v20210518-0604.jar:/Users/sam/.p2/pool/plugins/org.eclipse.equinox.registry_3.10.200.v20210503-1606.jar:/Users/sam/.p2/pool/plugins/org.eclipse.core.runtime_3.22.0.v20210506-1025.jar:/Users/sam/.p2/pool/plugins/org.eclipse.text_3.12.0.v20210512-1644.jar:/Users/sam/.p2/pool/plugins/org.eclipse.swt.cocoa.macosx.x86_64_3.116.100.v20210602-2209.jar:/Users/sam/.p2/pool/plugins/org.eclipse.jface_3.22.200.v20210401-0958.jar:/Users/sam/.p2/pool/plugins/org.eclipse.jface.text_3.18.0.v20210512-1640.jar:/Users/sam/.p2/pool/plugins/org.eclipse.ui.workbench_3.122.200.v20210506-1640.jar:/Users/sam/.p2/pool/plugins/com.ibm.icu_67.1.0.v20200706-1749.jar:/Users/sam/.p2/pool/plugins/org.eclipse.ui.forms_3.11.100.v20210108-1139.jar:/Users/sam/Documents/GitHub/java-projects-cs-ib/add-and-subtract/swing2swt.jar
Launcher Type: SUN_STANDARD

[Global flags]
     intx CICompilerCount                          = 3                                         {product} {ergonomic}
     uint ConcGCThreads                            = 1                                         {product} {ergonomic}
     uint G1ConcRefinementThreads                  = 4                                         {product} {ergonomic}
   size_t G1HeapRegionSize                         = 1048576                                   {product} {ergonomic}
    uintx GCDrainStackTargetSize                   = 64                                        {product} {ergonomic}
   size_t InitialHeapSize                          = 134217728                                 {product} {ergonomic}
   size_t MarkStackSize                            = 4194304                                   {product} {ergonomic}
   size_t MaxHeapSize                              = 2147483648                                {product} {ergonomic}
   size_t MaxNewSize                               = 1287651328                                {product} {ergonomic}
   size_t MinHeapDeltaBytes                        = 1048576                                   {product} {ergonomic}
   size_t MinHeapSize                              = 8388608                                   {product} {ergonomic}
    uintx NonNMethodCodeHeapSize                   = 5832780                                {pd product} {ergonomic}
    uintx NonProfiledCodeHeapSize                  = 122912730                              {pd product} {ergonomic}
    uintx ProfiledCodeHeapSize                     = 122912730                              {pd product} {ergonomic}
    uintx ReservedCodeCacheSize                    = 251658240                              {pd product} {ergonomic}
     bool SegmentedCodeCache                       = true                                      {product} {ergonomic}
     bool ShowCodeDetailsInExceptionMessages       = true                                   {manageable} {command line}
   size_t SoftMaxHeapSize                          = 2147483648                             {manageable} {ergonomic}
     bool UseCompressedClassPointers               = true                                 {lp64_product} {ergonomic}
     bool UseCompressedOops                        = true                                 {lp64_product} {ergonomic}
     bool UseG1GC                                  = true                                      {product} {ergonomic}

Logging:
Log output configuration:
 #0: stdout all=warning uptime,level,tags
 #1: stderr all=off uptime,level,tags

Environment Variables:
PATH=/usr/bin:/bin:/usr/sbin:/sbin
SHELL=/bin/zsh

Signal Handlers:
SIGSEGV: [libjvm.dylib+0x7415b8], sa_mask[0]=11111111011111110111111111111111, sa_flags=SA_ONSTACK|SA_RESTART|SA_SIGINFO
SIGBUS: [libjvm.dylib+0x7415b8], sa_mask[0]=11111111011111110111111111111111, sa_flags=SA_RESTART|SA_SIGINFO
SIGFPE: [libjvm.dylib+0x7415b8], sa_mask[0]=11111111011111110111111111111111, sa_flags=SA_RESTART|SA_SIGINFO
SIGPIPE: [libjvm.dylib+0x5eb4b1], sa_mask[0]=11111111011111110111111111111111, sa_flags=SA_RESTART|SA_SIGINFO
SIGXFSZ: [libjvm.dylib+0x5eb4b1], sa_mask[0]=11111111011111110111111111111111, sa_flags=SA_RESTART|SA_SIGINFO
SIGILL: [libjvm.dylib+0x7415b8], sa_mask[0]=11111111011111110111111111111111, sa_flags=SA_RESTART|SA_SIGINFO
SIGUSR2: [libjvm.dylib+0x5eba83], sa_mask[0]=00100000000000000000000000000000, sa_flags=SA_RESTART|SA_SIGINFO
SIGHUP: [libjvm.dylib+0x5eaae5], sa_mask[0]=11111111011111110111111111111111, sa_flags=SA_RESTART|SA_SIGINFO
SIGINT: [libjvm.dylib+0x5eaae5], sa_mask[0]=11111111011111110111111111111111, sa_flags=SA_RESTART|SA_SIGINFO
SIGTERM: [libjvm.dylib+0x5eaae5], sa_mask[0]=11111111011111110111111111111111, sa_flags=SA_RESTART|SA_SIGINFO
SIGQUIT: [libjvm.dylib+0x5eaae5], sa_mask[0]=11111111011111110111111111111111, sa_flags=SA_RESTART|SA_SIGINFO


---------------  S Y S T E M  ---------------

OS:uname:Darwin 21.1.0 Darwin Kernel Version 21.1.0: Wed Oct 13 17:33:23 PDT 2021; root:xnu-8019.41.5~1/RELEASE_X86_64 x86_64
OS uptime: 2 days 3:58 hours
rlimit: STACK 8192k, CORE 0k, NPROC 1392, NOFILE 10240, AS infinity, DATA infinity, FSIZE infinity
load average:2.88 3.16 4.29

CPU:total 4 (initial active 4) (2 cores per cpu, 2 threads per core) family 6 model 126 stepping 5, cmov, cx8, fxsr, mmx, sse, sse2, sse3, ssse3, sse4.1, sse4.2, popcnt, avx, avx2, aes, clmul, erms, 3dnowpref, lzcnt, ht, tsc, tscinvbit, bmi1, bmi2, adx, sha, fma

Memory: 4k page, physical 8388608k(421684k free), swap 3145728k(709632k free)

vm_info: Java HotSpot(TM) 64-Bit Server VM (14.0.2+12-46) for bsd-amd64 JRE (14.0.2+12-46), built on Jul  8 2020 23:32:31 by "mach5one" with clang 4.2.1 Compatible Apple LLVM 10.0.0 (clang-1000.11.45.5)

END.
